0	0	1.5	42.406	42.406	-37.7694	
0	2	1.5	44.9524	44.9524	-38.1222	
0	4	1.5	41.2403	41.2403	-45.4509	
0	6	1.5	37.5086	37.5086	-33.8898	
0	8	1.5	43.0717	43.0717	-35.9914	
0	10	1.5	50.2943	50.2943	-34.5604	
0	12	1.5	40.3295	40.3295	-37.1139	
0	14	1.5	46.0858	46.0858	-31.6609	
0	16	1.5	42.9657	42.9657	-37.1711	
0	18	1.5	46.3319	46.3319	-32.1796	
0	20	1.5	38.3468	38.3468	-38.5338	
0	22	1.5	42.4954	42.4954	-37.5426	
0	24	1.5	47.6183	47.6183	-43.2543	
0	26	1.5	45.7282	45.7282	-33.4004	
0	28	1.5	44.8554	44.8554	-37.693	
0	30	1.5	42.1061	42.1061	-36.5837	
0	32	1.5	46.4663	46.4663	-38.9048	
0	34	1.5	42.5183	42.5183	-38.1462	
0	36	1.5	40.9671	40.9671	-38.6977	
0	38	1.5	44.3531	44.3531	-36.7401	
0	40	1.5	48.6975	48.6975	-37.3355	
0	42	1.5	40.7391	40.7391	-41.5624	
0	44	1.5	39.1618	39.1618	-32.8738	
0	46	1.5	40.9485	40.9485	-38.1026	
0	48	1.5	51.6685	51.6685	-32.3437	
0	50	1.5	45.9746	45.9746	-39.0188	
0	52	1.5	51.5084	51.5084	-35.6924	
0	54	1.5	38.5796	38.5796	-36.4676	
0	56	1.5	47.8824	47.8824	-37.6481	
0	58	1.5	55.2123	55.2123	-45.6199	
0	60	1.5	47.593	47.593	-45.5062	
0	62	1.5	38.9002	38.9002	-34.5433	
0	64	1.5	36.4867	36.4867	-30.5519	
0	66	1.5	48.5644	48.5644	-33.8976	
0	68	1.5	46.0315	46.0315	-30.258	
0	70	1.5	51.1154	51.1154	-31.7076	
0	72	1.5	45.7295	45.7295	-42.7047	
0	74	1.5	52.5866	52.5866	-43.9437	
0	76	1.5	47.5425	47.5425	-40.6249	
0	78	1.5	49.5043	49.5043	-35.7843	
0	80	1.5	39.8016	39.8016	-33.3738	
0	82	1.5	40.2407	40.2407	-37.1353	
0	84	1.5	52.7429	52.7429	-34.9203	
0	86	1.5	46.7129	46.7129	-30.6803	
0	88	1.5	50.1063	50.1063	-40.8944	
0	90	1.5	54.4116	54.4116	-32.0612	
0	92	1.5	49.1842	49.1842	-36.8874	
0	94	1.5	45.1582	45.1582	-33.2122	
0	96	1.5	41.1262	41.1262	-41.5895	
0	98	1.5	45.4481	45.4481	-39.8014	
0	100	1.5	44.1036	44.1036	-48.1526	
7	0	1.5	41.1535	41.1535	-37.0855	
7	2	1.5	40.1227	40.1227	-39.4993	
7	4	1.5	41.3053	41.3053	-41.6809	
7	6	1.5	43.29	43.29	-39.7737	
7	8	1.5	39.2675	39.2675	-43.3565	
7	10	1.5	46.4548	46.4548	-37.036	
7	12	1.5	44.4942	44.4942	-39.2141	
7	14	1.5	44.9731	44.9731	-40.7619	
7	16	1.5	40.7607	40.7607	-31.0059	
7	18	1.5	46.7109	46.7109	-39.5032	
7	20	1.5	43.8301	43.8301	-41.2921	
7	22	1.5	47.4563	47.4563	-43.0653	
7	24	1.5	44.7737	44.7737	-38.8674	
7	26	1.5	46.3937	46.3937	-38.7868	
7	28	1.5	43.8772	43.8772	-41.862	
7	30	1.5	44.0222	44.0222	-41.2747	
7	32	1.5	41.9657	41.9657	-37.623	
7	34	1.5	46.6996	46.6996	-28.0646	
7	36	1.5	46.7061	46.7061	-34.4412	
7	38	1.5	46.9612	46.9612	-34.8973	
7	40	1.5	46.6581	46.6581	-33.1494	
7	42	1.5	42.1656	42.1656	-32.1115	
7	44	1.5	43.8506	43.8506	-36.3324	
7	46	1.5	44.6967	44.6967	-33.8908	
7	48	1.5	46.7327	46.7327	-45.318	
7	50	1.5	51.5059	51.5059	-36.7055	
7	52	1.5	48.2451	48.2451	-36.542	
7	54	1.5	42.4713	42.4713	-33.617	
7	56	1.5	43.1617	43.1617	-34.594	
7	58	1.5	44.4007	44.4007	-43.3459	
7	60	1.5	45.8275	45.8275	-36.5797	
7	62	1.5	48.4281	48.4281	-37.1428	
7	64	1.5	47.0078	47.0078	-35.3782	
7	66	1.5	50.0943	50.0943	-37.3086	
7	68	1.5	44.8096	44.8096	-36.5171	
7	70	1.5	47.5021	47.5021	-30.0708	
7	72	1.5	52.3644	52.3644	-41.1561	
7	74	1.5	43.8686	43.8686	-35.5182	
7	76	1.5	49.0145	49.0145	-32.8592	
7	78	1.5	47.2201	47.2201	-31.0812	
7	80	1.5	45.4104	45.4104	-37.3713	
7	82	1.5	50.3069	50.3069	-34.9279	
7	84	1.5	55.7483	55.7483	-34.1944	
7	86	1.5	45.9092	45.9092	-26.0675	
7	88	1.5	48.2114	48.2114	-39.1755	
7	90	1.5	47.9047	47.9047	-32.0202	
7	92	1.5	52.0987	52.0987	-38.2454	
7	94	1.5	46.0457	46.0457	-34.4122	
7	96	1.5	48.646	48.646	-26.8473	
7	98	1.5	40.0278	40.0278	-38.3357	
7	100	1.5	48.6993	48.6993	-30.7427	
14	0	1.5	46.8651	46.8651	-37.1004	
14	2	1.5	45.6537	45.6537	-35.489	
14	4	1.5	48.0756	48.0756	-41.928	
14	6	1.5	42.8463	42.8463	-41.4934	
14	8	1.5	48.4085	48.4085	-34.6979	
14	10	1.5	36.0381	36.0381	-36.6312	
14	12	1.5	40.9632	40.9632	-39.5639	
14	14	1.5	39.884	39.884	-36.319	
14	16	1.5	40.565	40.565	-33.3224	
14	18	1.5	43.0492	43.0492	-32.2701	
14	20	1.5	39.7976	39.7976	-36.5091	
14	22	1.5	56.4708	56.4708	-37.483	
14	24	1.5	47.6712	47.6712	-47.5952	
14	26	1.5	38.1496	38.1496	-36.4323	
14	28	1.5	47.8774	47.8774	-33.8319	
14	30	1.5	44.7266	44.7266	-41.8495	
14	32	1.5	44.977	44.977	-27.5751	
14	34	1.5	49.0371	49.0371	-39.2365	
14	36	1.5	43.5516	43.5516	-40.6087	
14	38	1.5	41.7628	41.7628	-36.507	
14	40	1.5	42.0572	42.0572	-32.7487	
14	42	1.5	44.4299	44.4299	-39.1794	
14	44	1.5	42.5535	42.5535	-36.0376	
14	46	1.5	46.8151	46.8151	-29.3415	
14	48	1.5	46.6652	46.6652	-24.8195	
14	50	1.5	53.3353	53.3353	-42.6793	
14	52	1.5	52.9927	52.9927	-40.127	
14	54	1.5	42.3381	42.3381	-35.8936	
14	56	1.5	46.6281	46.6281	-43.5376	
14	58	1.5	49.8407	49.8407	-38.4008	
14	60	1.5	42.3016	42.3016	-27.9477	
14	62	1.5	55.7672	55.7672	-43.0039	
14	64	1.5	56.3771	56.3771	-33.2604	
14	66	1.5	47.7859	47.7859	-34.7734	
14	68	1.5	49.3703	49.3703	-35.2659	
14	70	1.5	54.3714	54.3714	-42.1163	
14	72	1.5	50.732	50.732	-42.1759	
14	74	1.5	46.2938	46.2938	-34.1013	
14	76	1.5	46.8816	46.8816	-35.2229	
14	78	1.5	50.678	50.678	-38.4865	
14	80	1.5	41.4621	41.4621	-32.7609	
14	82	1.5	55.9568	55.9568	-34.6296	
14	84	1.5	55.3961	55.3961	-33.3502	
14	86	1.5	62.5266	62.5266	-31.4386	
14	88	1.5	52.2274	52.2274	-34.6468	
14	90	1.5	47.5981	47.5981	-31.3229	
14	92	1.5	52.742	52.742	-38.3719	
14	94	1.5	45.5276	45.5276	-29.4337	
14	96	1.5	40.7762	40.7762	-30.0136	
14	98	1.5	51.0622	51.0622	-37.4819	
14	100	1.5	45.6207	45.6207	-36.4249	
21	0	1.5	35.0356	35.0356	-40.4128	
21	2	1.5	51.7773	51.7773	-40.4616	
21	4	1.5	45.0675	45.0675	-43.3856	
21	6	1.5	40.2005	40.2005	-39.8714	
21	8	1.5	52.7091	52.7091	-44.2803	
21	10	1.5	39.9214	39.9214	-42.4356	
21	12	1.5	45.4049	45.4049	-35.9681	
21	14	1.5	46.2681	46.2681	-44.3876	
21	16	1.5	45.9957	45.9957	-43.2873	
21	18	1.5	42.7086	42.7086	-44.1656	
21	20	1.5	46.7754	46.7754	-37.5029	
21	22	1.5	45.627	45.627	-32.4595	
21	24	1.5	40.1675	40.1675	-41.148	
21	26	1.5	50.157	50.157	-38.748	
21	28	1.5	46.3166	46.3166	-44.4422	
21	30	1.5	43.4559	43.4559	-33.2478	
21	32	1.5	51.3828	51.3828	-42.5384	
21	34	1.5	46.5892	46.5892	-47.2168	
21	36	1.5	55.4419	55.4419	-37.7426	
21	38	1.5	48.8438	48.8438	-40.8168	
21	40	1.5	46.6974	46.6974	-37.7497	
21	42	1.5	50.472	50.472	-34.2579	
21	44	1.5	51.5491	51.5491	-34.7318	
21	46	1.5	52.0828	52.0828	-35.0698	
21	48	1.5	42.1719	42.1719	-42.8375	
21	50	1.5	40.7794	40.7794	-34.0007	
21	52	1.5	50.4954	50.4954	-31.7646	
21	54	1.5	48.3169	48.3169	-37.5049	
21	56	1.5	47.4318	47.4318	-33.6559	
21	58	1.5	46.746	46.746	-39.9138	
21	60	1.5	51.5937	51.5937	-33.6307	
21	62	1.5	53.6204	53.6204	-41.432	
21	64	1.5	46.6538	46.6538	-34.4005	
21	66	1.5	52.6462	52.6462	-35.5735	
21	68	1.5	51.1658	51.1658	-29.1048	
21	70	1.5	52.8375	52.8375	-33.5824	
21	72	1.5	55.5882	55.5882	-35.0288	
21	74	1.5	46.0642	46.0642	-28.4048	
21	76	1.5	52.3833	52.3833	-34.9814	
21	78	1.5	44.8498	44.8498	-35.3913	
21	80	1.5	49.6616	49.6616	-38.9778	
21	82	1.5	58.8142	58.8142	-33.5823	
21	84	1.5	51.3638	51.3638	-27.3836	
21	86	1.5	48.7796	48.7796	-25.1752	
21	88	1.5	42.6736	42.6736	-24.7696	
21	90	1.5	49.825	49.825	-30.4223	
21	92	1.5	49.5255	49.5255	-30.5295	
21	94	1.5	53.5773	53.5773	-41.579	
21	96	1.5	41.6501	41.6501	-28.5717	
21	98	1.5	45.6395	45.6395	-34.6633	
21	100	1.5	54.3202	54.3202	-36.8713	
28	0	1.5	41.2165	41.2165	-36.9136	
28	2	1.5	40.9985	40.9985	-38.8991	
28	4	1.5	46.8635	46.8635	-33.0502	
28	6	1.5	44.7472	44.7472	-38.1856	
28	8	1.5	38.3564	38.3564	-39.7751	
28	10	1.5	51.7242	51.7242	-37.1235	
28	12	1.5	43.6134	43.6134	-38.2179	
28	14	1.5	45.0752	45.0752	-45.3248	
28	16	1.5	48.9658	48.9658	-39.9826	
28	18	1.5	52.7679	52.7679	-38.6853	
28	20	1.5	47.5593	47.5593	-33.545	
28	22	1.5	51.359	51.359	-37.4566	
28	24	1.5	51.8068	51.8068	-39.1086	
28	26	1.5	50.2088	50.2088	-37.748	
28	28	1.5	44.6642	44.6642	-39.7864	
28	30	1.5	50.463	50.463	-38.222	
28	32	1.5	55.1457	55.1457	-39.6525	
28	34	1.5	43.9987	43.9987	-35.5971	
28	36	1.5	46.4034	46.4034	-30.7694	
28	38	1.5	54.1941	54.1941	-34.5169	
28	40	1.5	45.8819	45.8819	-32.9529	
28	42	1.5	48.0691	48.0691	-36.9914	
28	44	1.5	44.4219	44.4219	-35.1365	
28	46	1.5	55.7569	55.7569	-30.7579	
28	48	1.5	50.7073	50.7073	-30.3811	
28	50	1.5	45.1377	45.1377	-30.825	
28	52	1.5	42.3135	42.3135	-33.0849	
28	54	1.5	45.3236	45.3236	-36.729	
28	56	1.5	46.6709	46.6709	-32.2454	
28	58	1.5	53.7702	53.7702	-28.3236	
28	60	1.5	47.4715	47.4715	-40.9918	
28	62	1.5	49.7443	49.7443	-26.1964	
28	64	1.5	50.4829	50.4829	-33.4682	
28	66	1.5	54.3734	54.3734	-31.0946	
28	68	1.5	45.7865	45.7865	-38.1636	
28	70	1.5	51.2803	51.2803	-33.3194	
28	72	1.5	51.0186	51.0186	-36.4549	
28	74	1.5	51.746	51.746	-37.845	
28	76	1.5	48.5593	48.5593	-30.4512	
28	78	1.5	57.7374	57.7374	-32.5624	
28	80	1.5	47.8475	47.8475	-31.6562	
28	82	1.5	49.2021	49.2021	-42.5243	
28	84	1.5	47.6813	47.6813	-30.7969	
28	86	1.5	47.5783	47.5783	-29.7218	
28	88	1.5	51.2206	51.2206	-26.9664	
28	90	1.5	48.4747	48.4747	-20.1734	
28	92	1.5	54.7582	54.7582	-41.6614	
28	94	1.5	57.0573	57.0573	-35.3426	
28	96	1.5	53.9793	53.9793	-29.6339	
28	98	1.5	47.0457	47.0457	-33.8803	
28	100	1.5	51.2884	51.2884	-29.5822	
35	0	1.5	42.2482	42.2482	-38.8781	
35	2	1.5	49.3188	49.3188	-48.2613	
35	4	1.5	34.8311	34.8311	-41.7138	
35	6	1.5	46.3785	46.3785	-38.3603	
35	8	1.5	39.8083	39.8083	-45.6144	
35	10	1.5	50.0484	50.0484	-39.4102	
35	12	1.5	46.8893	46.8893	-34.5531	
35	14	1.5	38.3602	38.3602	-39.9992	
35	16	1.5	39.3412	39.3412	-41.349	
35	18	1.5	46.619	46.619	-35.728	
35	20	1.5	47.2483	47.2483	-44.0836	
35	22	1.5	45.0156	45.0156	-33.635	
35	24	1.5	45.0866	45.0866	-30.8562	
35	26	1.5	51.1175	51.1175	-32.4145	
35	28	1.5	43.7186	43.7186	-35.2235	
35	30	1.5	45.5492	45.5492	-34.7372	
35	32	1.5	52.218	52.218	-36.1107	
35	34	1.5	49.3976	49.3976	-43.0651	
35	36	1.5	46.0552	46.0552	-36.7339	
35	38	1.5	45.9372	45.9372	-33.2333	
35	40	1.5	47.8582	47.8582	-37.4995	
35	42	1.5	41.4345	41.4345	-30.8441	
35	44	1.5	51.6576	51.6576	-32.7364	
35	46	1.5	49.6875	49.6875	-45.3614	
35	48	1.5	50.0905	50.0905	-33.1066	
35	50	1.5	49.9645	49.9645	-35.9576	
35	52	1.5	42.6037	42.6037	-38.6091	
35	54	1.5	49.3816	49.3816	-33.5437	
35	56	1.5	47.5216	47.5216	-30.8575	
35	58	1.5	51.6038	51.6038	-35.3854	
35	60	1.5	44.0227	44.0227	-30.8439	
35	62	1.5	57.1389	57.1389	-24.8691	
35	64	1.5	57.5015	57.5015	-27.4183	
35	66	1.5	55.6133	55.6133	-22.1878	
35	68	1.5	42.1588	42.1588	-30.7625	
35	70	1.5	56.327	56.327	-29.7015	
35	72	1.5	52.1434	52.1434	-33.6283	
35	74	1.5	51.1682	51.1682	-35.6685	
35	76	1.5	51.0738	51.0738	-28.6802	
35	78	1.5	45.2462	45.2462	-31.1781	
35	80	1.5	44.6771	44.6771	-30.7034	
35	82	1.5	54.279	54.279	-31.1767	
35	84	1.5	57.7275	57.7275	-27.3587	
35	86	1.5	61.2864	61.2864	-23.1271	
35	88	1.5	50.1425	50.1425	-44.9972	
35	90	1.5	53.379	53.379	-34.1618	
35	92	1.5	53.0471	53.0471	-31.2113	
35	94	1.5	51.6571	51.6571	-29.5131	
35	96	1.5	43.2948	43.2948	-26.4302	
35	98	1.5	56.8252	56.8252	-33.6339	
35	100	1.5	51.943	51.943	-29.4581	
42	0	1.5	41.6772	41.6772	-37.491	
42	2	1.5	51.7359	51.7359	-42.2196	
42	4	1.5	42.9068	42.9068	-34.995	
42	6	1.5	49.9383	49.9383	-36.3147	
42	8	1.5	49.3219	49.3219	-36.4736	
42	10	1.5	48.5914	48.5914	-42.9933	
42	12	1.5	41.8696	41.8696	-38.3443	
42	14	1.5	41.8753	41.8753	-38.2965	
42	16	1.5	42.5851	42.5851	-27.572	
42	18	1.5	39.5544	39.5544	-38.5216	
42	20	1.5	41.7916	41.7916	-32.3798	
42	22	1.5	44.7927	44.7927	-44.5001	
42	24	1.5	49.4868	49.4868	-36.1968	
42	26	1.5	40.7261	40.7261	-48.2411	
42	28	1.5	46.2508	46.2508	-35.3533	
42	30	1.5	54.8809	54.8809	-33.8036	
42	32	1.5	52.5573	52.5573	-38.2109	
42	34	1.5	46.9293	46.9293	-29.595	
42	36	1.5	51.1124	51.1124	-37.5944	
42	38	1.5	43.5145	43.5145	-35.9218	
42	40	1.5	44.021	44.021	-30.9038	
42	42	1.5	50.5989	50.5989	-36.4616	
42	44	1.5	46.8953	46.8953	-33.9325	
42	46	1.5	51.2331	51.2331	-29.0065	
42	48	1.5	48.9571	48.9571	-37.9006	
42	50	1.5	53.1871	53.1871	-42.1797	
42	52	1.5	47.5637	47.5637	-28.1358	
42	54	1.5	55.1193	55.1193	-32.3292	
42	56	1.5	49.7003	49.7003	-29.6256	
42	58	1.5	50.95	50.95	-26.2289	
42	60	1.5	48.3601	48.3601	-29.5805	
42	62	1.5	53.5382	53.5382	-23.1471	
42	64	1.5	55.0773	55.0773	-28.2896	
42	66	1.5	52.9532	52.9532	-28.6996	
42	68	1.5	49.9939	49.9939	-30.1573	
42	70	1.5	55.0415	55.0415	-27.718	
42	72	1.5	61.2775	61.2775	-30.0699	
42	74	1.5	47.8307	47.8307	-32.459	
42	76	1.5	62.8132	62.8132	-26.8493	
42	78	1.5	53.4408	53.4408	-27.1592	
42	80	1.5	49.3662	49.3662	-33.8751	
42	82	1.5	55.3069	55.3069	-27.1081	
42	84	1.5	55.214	55.214	-30.5492	
42	86	1.5	57.5265	57.5265	-29.1832	
42	88	1.5	55.5973	55.5973	-35.2483	
42	90	1.5	51.8828	51.8828	-23.5908	
42	92	1.5	54.9857	54.9857	-29.9738	
42	94	1.5	56.897	56.897	-27.6566	
42	96	1.5	51.3253	51.3253	-23.245	
42	98	1.5	53.9649	53.9649	-33.0847	
42	100	1.5	52.1561	52.1561	-22.1673	
49	0	1.5	44.555	44.555	-42.1192	
49	2	1.5	52.7739	52.7739	-34.8198	
49	4	1.5	49.2244	49.2244	-40.9803	
49	6	1.5	50.9625	50.9625	-42.4196	
49	8	1.5	46.0092	46.0092	-29.4286	
49	10	1.5	39.3162	39.3162	-40.1846	
49	12	1.5	43.2666	43.2666	-42.3646	
49	14	1.5	45.9363	45.9363	-41.4306	
49	16	1.5	44.137	44.137	-42.3775	
49	18	1.5	47.7861	47.7861	-39.9923	
49	20	1.5	46.4373	46.4373	-36.2978	
49	22	1.5	43.6193	43.6193	-30.4299	
49	24	1.5	49.24	49.24	-33.309	
49	26	1.5	41.0995	41.0995	-37.1031	
49	28	1.5	51.5539	51.5539	-36.2032	
49	30	1.5	49.8836	49.8836	-39.184	
49	32	1.5	48.0042	48.0042	-38.1544	
49	34	1.5	43.3157	43.3157	-33.0619	
49	36	1.5	46.3172	46.3172	-29.6632	
49	38	1.5	52.2127	52.2127	-39.1995	
49	40	1.5	54.0364	54.0364	-31.4663	
49	42	1.5	53.3486	53.3486	-28.4425	
49	44	1.5	46.0466	46.0466	-38.3342	
49	46	1.5	49.6813	49.6813	-35.3203	
49	48	1.5	46.6229	46.6229	-27.3853	
49	50	1.5	45.2868	45.2868	-24.2702	
49	52	1.5	46.5481	46.5481	-28.5347	
49	54	1.5	47.0587	47.0587	-34.1448	
49	56	1.5	48.1483	48.1483	-32.1169	
49	58	1.5	47.1617	47.1617	-25.0763	
49	60	1.5	50.2314	50.2314	-28.8823	
49	62	1.5	57.2807	57.2807	-31.7451	
49	64	1.5	48.5489	48.5489	-30.5877	
49	66	1.5	59.2756	59.2756	-31.9949	
49	68	1.5	52.3547	52.3547	-28.9596	
49	70	1.5	45.1473	45.1473	-30.8575	
49	72	1.5	53.4127	53.4127	-29.337	
49	74	1.5	47.8643	47.8643	-32.5161	
49	76	1.5	49.7891	49.7891	-32.3427	
49	78	1.5	51.8318	51.8318	-34.4334	
49	80	1.5	62.6985	62.6985	-30.8549	
49	82	1.5	50.476	50.476	-27.3068	
49	84	1.5	49.1666	49.1666	-31.5466	
49	86	1.5	56.1836	56.1836	-31.3112	
49	88	1.5	60.8659	60.8659	-24.9089	
49	90	1.5	58.3843	58.3843	-31.4301	
49	92	1.5	47.6574	47.6574	-25.1523	
49	94	1.5	52.8523	52.8523	-19.9111	
49	96	1.5	54.5854	54.5854	-28.8023	
49	98	1.5	58.1936	58.1936	-29.0447	
49	100	1.5	48.1377	48.1377	-24.3388	
56	0	1.5	43.021	43.021	-33.202	
56	2	1.5	44.2817	44.2817	-37.392	
56	4	1.5	47.4415	47.4415	-48.4143	
56	6	1.5	42.2716	42.2716	-48.8707	
56	8	1.5	46.2636	46.2636	-33.0613	
56	10	1.5	38.1369	38.1369	-42.6249	
56	12	1.5	55.3266	55.3266	-39.6032	
56	14	1.5	50.5014	50.5014	-39.2343	
56	16	1.5	47.8051	47.8051	-36.4101	
56	18	1.5	47.7448	47.7448	-32.0352	
56	20	1.5	51.4501	51.4501	-36.0823	
56	22	1.5	50.0472	50.0472	-36.2622	
56	24	1.5	48.9442	48.9442	-34.1677	
56	26	1.5	50.9872	50.9872	-40.1326	
56	28	1.5	45.0066	45.0066	-38.4646	
56	30	1.5	51.2616	51.2616	-34.2221	
56	32	1.5	43.8492	43.8492	-27.7777	
56	34	1.5	42.359	42.359	-34.289	
56	36	1.5	52.773	52.773	-40.0986	
56	38	1.5	45.5301	45.5301	-33.9279	
56	40	1.5	46.6875	46.6875	-30.5999	
56	42	1.5	48.8903	48.8903	-29.7477	
56	44	1.5	55.0293	55.0293	-28.3979	
56	46	1.5	53.9279	53.9279	-36.2415	
56	48	1.5	42.9265	42.9265	-41.1234	
56	50	1.5	50.028	50.028	-21.8208	
56	52	1.5	47.1827	47.1827	-36.0486	
56	54	1.5	44.1943	44.1943	-30.9151	
56	56	1.5	44.1388	44.1388	-29.4856	
56	58	1.5	53.5375	53.5375	-32.47	
56	60	1.5	54.452	54.452	-34.587	
56	62	1.5	48.5101	48.5101	-28.7619	
56	64	1.5	60.2839	60.2839	-31.9912	
56	66	1.5	54.8295	54.8295	-29.3842	
56	68	1.5	56.266	56.266	-30.6329	
56	70	1.5	51.6172	51.6172	-32.015	
56	72	1.5	54.0653	54.0653	-27.8244	
56	74	1.5	42.8528	42.8528	-28.8884	
56	76	1.5	61.6464	61.6464	-37.6266	
56	78	1.5	50.6139	50.6139	-24.1075	
56	80	1.5	56.0817	56.0817	-30.01	
56	82	1.5	51.6416	51.6416	-27.2624	
56	84	1.5	54.3095	54.3095	-21.7702	
56	86	1.5	59.3529	59.3529	-23.4748	
56	88	1.5	53.351	53.351	-23.1132	
56	90	1.5	61.9064	61.9064	-22.2853	
56	92	1.5	58.5406	58.5406	-20.4858	
56	94	1.5	57.8615	57.8615	-29.6582	
56	96	1.5	55.2393	55.2393	-27.6315	
56	98	1.5	57.9471	57.9471	-25.9392	
56	100	1.5	56.994	56.994	-15.94	
63	0	1.5	42.9855	42.9855	-37.2079	
63	2	1.5	48.4855	48.4855	-40.1219	
63	4	1.5	44.8445	44.8445	-33.9284	
63	6	1.5	50.4057	50.4057	-32.429	
63	8	1.5	54.2183	54.2183	-39.4612	
63	10	1.5	43.5553	43.5553	-39.7878	
63	12	1.5	44.8353	44.8353	-36.5742	
63	14	1.5	44.8999	44.8999	-30.1766	
63	16	1.5	42.0289	42.0289	-35.2051	
63	18	1.5	54.3695	54.3695	-34.2915	
63	20	1.5	47.1194	47.1194	-31.3642	
63	22	1.5	49.4182	49.4182	-34.7196	
63	24	1.5	56.7943	56.7943	-34.7503	
63	26	1.5	49.1987	49.1987	-34.8298	
63	28	1.5	51.1822	51.1822	-37.3752	
63	30	1.5	47.2559	47.2559	-33.5601	
63	32	1.5	49.5694	49.5694	-36.7039	
63	34	1.5	56.1972	56.1972	-32.9477	
63	36	1.5	48.7678	48.7678	-34.0268	
63	38	1.5	50.2044	50.2044	-42.6604	
63	40	1.5	52.0962	52.0962	-31.226	
63	42	1.5	44.6303	44.6303	-27.0429	
63	44	1.5	59.039	59.039	-35.4857	
63	46	1.5	51.0119	51.0119	-36.7205	
63	48	1.5	54.5337	54.5337	-27.4523	
63	50	1.5	51.1789	51.1789	-30.7176	
63	52	1.5	55.3131	55.3131	-26.8249	
63	54	1.5	58.7013	58.7013	-28.6178	
63	56	1.5	58.0063	58.0063	-35.5928	
63	58	1.5	48.0662	48.0662	-36.0111	
63	60	1.5	55.907	55.907	-33.7429	
63	62	1.5	52.7959	52.7959	-30.8506	
63	64	1.5	52.585	52.585	-23.7292	
63	66	1.5	58.6818	58.6818	-35.3988	
63	68	1.5	60.8895	60.8895	-29.1262	
63	70	1.5	58.512	58.512	-28.2015	
63	72	1.5	63.2181	63.2181	-35.9462	
63	74	1.5	56.4444	56.4444	-24.0206	
63	76	1.5	52.3297	52.3297	-27.1534	
63	78	1.5	53.0506	53.0506	-19.5406	
63	80	1.5	59.0324	59.0324	-23.3656	
63	82	1.5	57.9462	57.9462	-24.8725	
63	84	1.5	62.5982	62.5982	-25.1322	
63	86	1.5	57.8158	57.8158	-24.9849	
63	88	1.5	49.0283	49.0283	-21.9007	
63	90	1.5	60.1696	60.1696	-29.3097	
63	92	1.5	59.6655	59.6655	-23.8939	
63	94	1.5	55.7611	55.7611	-25.4822	
63	96	1.5	55.868	55.868	-24.8413	
63	98	1.5	62.6947	62.6947	-13.4033	
63	100	1.5	56.2008	56.2008	-24.4098	
70	0	1.5	36.6718	36.6718	-40.4097	
70	2	1.5	41.9963	41.9963	-45.2985	
70	4	1.5	45.5398	45.5398	-36.8122	
70	6	1.5	51.7435	51.7435	-24.1829	
70	8	1.5	45.49	45.49	-38.7037	
70	10	1.5	42.3117	42.3117	-29.7827	
70	12	1.5	46.49	46.49	-37.6154	
70	14	1.5	49.519	49.519	-38.0398	
70	16	1.5	53.2802	53.2802	-33.1091	
70	18	1.5	51.6032	51.6032	-40.8104	
70	20	1.5	44.8551	44.8551	-40.722	
70	22	1.5	53.1951	53.1951	-33.52	
70	24	1.5	49.0886	49.0886	-35.3447	
70	26	1.5	58.2369	58.2369	-34.4349	
70	28	1.5	54.5747	54.5747	-35.6944	
70	30	1.5	41.5288	41.5288	-34.203	
70	32	1.5	51.0274	51.0274	-33.7629	
70	34	1.5	52.1763	52.1763	-27.9305	
70	36	1.5	45.0261	45.0261	-34.4752	
70	38	1.5	54.6709	54.6709	-32.125	
70	40	1.5	47.6059	47.6059	-29.1098	
70	42	1.5	45.4497	45.4497	-29.6825	
70	44	1.5	48.0364	48.0364	-27.8067	
70	46	1.5	46.88	46.88	-32.9653	
70	48	1.5	51.4199	51.4199	-33.8503	
70	50	1.5	56.7634	56.7634	-33.7209	
70	52	1.5	55.0751	55.0751	-35.8074	
70	54	1.5	54.0897	54.0897	-26.6607	
70	56	1.5	52.0406	52.0406	-33.2899	
70	58	1.5	51.2648	51.2648	-25.9867	
70	60	1.5	57.4033	57.4033	-26.6212	
70	62	1.5	51.0664	51.0664	-33.626	
70	64	1.5	50.2261	50.2261	-33.3541	
70	66	1.5	52.674	52.674	-34.5079	
70	68	1.5	51.0308	51.0308	-32.4211	
70	70	1.5	58.2029	58.2029	-23.2358	
70	72	1.5	67.6723	67.6723	-23.8877	
70	74	1.5	58.3437	58.3437	-23.0336	
70	76	1.5	56.3513	56.3513	-24.7437	
70	78	1.5	62.1813	62.1813	-27.0909	
70	80	1.5	53.4996	53.4996	-22.8686	
70	82	1.5	61.3768	61.3768	-25.2533	
70	84	1.5	49.4637	49.4637	-16.3729	
70	86	1.5	61.1011	61.1011	-22.4833	
70	88	1.5	56.3903	56.3903	-18.627	
70	90	1.5	61.075	61.075	-24.018	
70	92	1.5	64.2361	64.2361	-26.5187	
70	94	1.5	66.3685	66.3685	-22.4229	
70	96	1.5	52.8468	52.8468	-21.9304	
70	98	1.5	70.2602	70.2602	-24.7631	
70	100	1.5	63.9165	63.9165	-18.6338	
77	0	1.5	47.9419	47.9419	-41.6848	
77	2	1.5	50.403	50.403	-43.0561	
77	4	1.5	48.204	48.204	-39.3971	
77	6	1.5	49.6449	49.6449	-38.4226	
77	8	1.5	39.9786	39.9786	-36.0255	
77	10	1.5	44.5383	44.5383	-35.4462	
77	12	1.5	55.2383	55.2383	-33.8929	
77	14	1.5	41.733	41.733	-35.8526	
77	16	1.5	42.7512	42.7512	-32.1622	
77	18	1.5	36.118	36.118	-35.347	
77	20	1.5	47.017	47.017	-43.0031	
77	22	1.5	50.8111	50.8111	-37.4501	
77	24	1.5	45.6964	45.6964	-40.6207	
77	26	1.5	46.2149	46.2149	-31.3078	
77	28	1.5	51.399	51.399	-26.1082	
77	30	1.5	44.9349	44.9349	-39.9769	
77	32	1.5	44.5599	44.5599	-30.1138	
77	34	1.5	56.834	56.834	-34.0378	
77	36	1.5	45.7442	45.7442	-31.246	
77	38	1.5	39.5601	39.5601	-33.2846	
77	40	1.5	56.1562	56.1562	-32.8888	
77	42	1.5	52.1836	52.1836	-34.6988	
77	44	1.5	47.8362	47.8362	-35.2142	
77	46	1.5	53.2611	53.2611	-30.038	
77	48	1.5	52.1482	52.1482	-23.8087	
77	50	1.5	52.5076	52.5076	-33.312	
77	52	1.5	52.1617	52.1617	-23.8409	
77	54	1.5	51.5644	51.5644	-27.9229	
77	56	1.5	44.1244	44.1244	-26.5195	
77	58	1.5	53.7636	53.7636	-27.9967	
77	60	1.5	58.289	58.289	-26.5189	
77	62	1.5	52.312	52.312	-24.9536	
77	64	1.5	48.8202	48.8202	-32.0361	
77	66	1.5	54.2378	54.2378	-21.6462	
77	68	1.5	61.4778	61.4778	-24.6719	
77	70	1.5	53.5607	53.5607	-22.5441	
77	72	1.5	61.8832	61.8832	-28.4101	
77	74	1.5	60.3042	60.3042	-25.469	
77	76	1.5	55.8315	55.8315	-17.0748	
77	78	1.5	56.7083	56.7083	-21.6474	
77	80	1.5	65.0915	65.0915	-28.2938	
77	82	1.5	54.7905	54.7905	-21.4216	
77	84	1.5	56.9456	56.9456	-25.57	
77	86	1.5	54.2499	54.2499	-21.1762	
77	88	1.5	55.3452	55.3452	-19.5025	
77	90	1.5	63.6467	63.6467	-19.8388	
77	92	1.5	60.2455	60.2455	-19.0879	
77	94	1.5	69.4808	69.4808	-18.4852	
77	96	1.5	67.5574	67.5574	-9.69652	
77	98	1.5	65.6167	65.6167	-15.6727	
77	100	1.5	60.8292	60.8292	-21.3355	
84	0	1.5	58.2556	58.2556	-44.9117	
84	2	1.5	39.3873	39.3873	-34.4622	
84	4	1.5	48.1077	48.1077	-44.8383	
84	6	1.5	40.6718	40.6718	-34.9755	
84	8	1.5	48.843	48.843	-32.7638	
84	10	1.5	47.3154	47.3154	-31.6196	
84	12	1.5	41.4175	41.4175	-39.474	
84	14	1.5	50.3992	50.3992	-35.0448	
84	16	1.5	54.8218	54.8218	-34.2261	
84	18	1.5	38.9101	38.9101	-36.5117	
84	20	1.5	46.5999	46.5999	-37.7416	
84	22	1.5	53.653	53.653	-34.069	
84	24	1.5	38.9289	38.9289	-35.0839	
84	26	1.5	60.6764	60.6764	-44.1425	
84	28	1.5	45.9547	45.9547	-30.5487	
84	30	1.5	47.7862	47.7862	-31.5848	
84	32	1.5	46.7286	46.7286	-31.34	
84	34	1.5	48.8033	48.8033	-36.7694	
84	36	1.5	42.0353	42.0353	-34.1953	
84	38	1.5	46.3962	46.3962	-31.9037	
84	40	1.5	50.676	50.676	-32.8171	
84	42	1.5	55.7403	55.7403	-33.958	
84	44	1.5	48.4753	48.4753	-22.5869	
84	46	1.5	49.0029	49.0029	-31.1924	
84	48	1.5	51.7093	51.7093	-38.5723	
84	50	1.5	48.6425	48.6425	-34.8075	
84	52	1.5	51.8089	51.8089	-26.4838	
84	54	1.5	57.1579	57.1579	-32.5426	
84	56	1.5	56.1156	56.1156	-25.6712	
84	58	1.5	49.9568	49.9568	-30.816	
84	60	1.5	49.3346	49.3346	-31.1102	
84	62	1.5	55.0349	55.0349	-31.633	
84	64	1.5	52.7218	52.7218	-27.9522	
84	66	1.5	58.7693	58.7693	-23.1611	
84	68	1.5	55.5334	55.5334	-31.0907	
84	70	1.5	56.3481	56.3481	-23.0438	
84	72	1.5	59.6502	59.6502	-27.158	
84	74	1.5	58.9957	58.9957	-23.1436	
84	76	1.5	50.6217	50.6217	-20.1583	
84	78	1.5	60.3318	60.3318	-21.6311	
84	80	1.5	62.9318	62.9318	-23.7385	
84	82	1.5	63.185	63.185	-14.3654	
84	84	1.5	61.9395	61.9395	-19.9946	
84	86	1.5	63.6609	63.6609	-30.9844	
84	88	1.5	54.5288	54.5288	-19.5429	
84	90	1.5	71.1057	71.1057	-20.3318	
84	92	1.5	60.6714	60.6714	-15.9015	
84	94	1.5	71.7429	71.7429	-13.7637	
84	96	1.5	70.7476	70.7476	-16.3135	
84	98	1.5	69.1767	69.1767	-6.3995	
84	100	1.5	66.4596	66.4596	-11.8223	
91	0	1.5	49.5029	49.5029	-39.9355	
91	2	1.5	47.5935	47.5935	-38.3127	
91	4	1.5	44.4327	44.4327	-42.7141	
91	6	1.5	55.493	55.493	-35.5372	
91	8	1.5	40.1065	40.1065	-47.8185	
91	10	1.5	42.9213	42.9213	-40.4733	
91	12	1.5	49.2922	49.2922	-35.0386	
91	14	1.5	44.0446	44.0446	-37.0257	
91	16	1.5	50.886	50.886	-40.9777	
91	18	1.5	45.1315	45.1315	-37.4822	
91	20	1.5	54.6804	54.6804	-36.9195	
91	22	1.5	47.0459	47.0459	-30.8461	
91	24	1.5	55.3532	55.3532	-35.5288	
91	26	1.5	50.7076	50.7076	-38.1489	
91	28	1.5	46.4063	46.4063	-36.5144	
91	30	1.5	50.316	50.316	-30.359	
91	32	1.5	52.4218	52.4218	-34.4003	
91	34	1.5	55.5351	55.5351	-31.4648	
91	36	1.5	54.8841	54.8841	-17.6508	
91	38	1.5	50.758	50.758	-31.048	
91	40	1.5	53.0564	53.0564	-36.4781	
91	42	1.5	46.6605	46.6605	-34.0407	
91	44	1.5	45.6258	45.6258	-23.9262	
91	46	1.5	54.1815	54.1815	-36.763	
91	48	1.5	55.7554	55.7554	-27.2329	
91	50	1.5	50.4175	50.4175	-24.1836	
91	52	1.5	55.7283	55.7283	-33.9722	
91	54	1.5	51.7347	51.7347	-36.0033	
91	56	1.5	49.893	49.893	-25.5425	
91	58	1.5	58.1341	58.1341	-31.8351	
91	60	1.5	54.653	54.653	-29.9091	
91	62	1.5	67.0915	67.0915	-31.6658	
91	64	1.5	50.4509	50.4509	-29.5457	
91	66	1.5	51.375	51.375	-23.3477	
91	68	1.5	54.7737	54.7737	-31.7442	
91	70	1.5	60.0769	60.0769	-25.5398	
91	72	1.5	53.0195	53.0195	-31.6309	
91	74	1.5	51.5264	51.5264	-22.5829	
91	76	1.5	52.1081	52.1081	-25.8762	
91	78	1.5	57.3354	57.3354	-27.6874	
91	80	1.5	59.1479	59.1479	-18.065	
91	82	1.5	60.6046	60.6046	-14.5288	
91	84	1.5	64.7084	64.7084	-19.4687	
91	86	1.5	57.9991	57.9991	-14.3512	
91	88	1.5	62.5817	62.5817	-22.5295	
91	90	1.5	66.4133	66.4133	-26.8721	
91	92	1.5	65.7721	65.7721	-15.8134	
91	94	1.5	74.8966	74.8966	-12.3272	
91	96	1.5	74.733	74.733	-15.6893	
91	98	1.5	64.507	64.507	-21.6739	
91	100	1.5	68.3035	68.3035	-15.5721	
98	0	1.5	53.1783	53.1783	-32.4901	
98	2	1.5	49.2151	49.2151	-38.8357	
98	4	1.5	42.3093	42.3093	-43.4139	
98	6	1.5	48.4339	48.4339	-39.0653	
98	8	1.5	40.7304	40.7304	-42.5642	
98	10	1.5	45.6726	45.6726	-42.6895	
98	12	1.5	44.9858	44.9858	-36.4348	
98	14	1.5	45.1944	45.1944	-39.9618	
98	16	1.5	48.3334	48.3334	-42.3936	
98	18	1.5	43.3114	43.3114	-33.2331	
98	20	1.5	55.2978	55.2978	-32.0846	
98	22	1.5	48.6344	48.6344	-39.2875	
98	24	1.5	47.9205	47.9205	-38.2966	
98	26	1.5	44.7176	44.7176	-34.2768	
98	28	1.5	46.3768	46.3768	-32.4989	
98	30	1.5	39.5958	39.5958	-33.6041	
98	32	1.5	52.2479	52.2479	-29.5737	
98	34	1.5	48.7786	48.7786	-25.295	
98	36	1.5	54.605	54.605	-37.9172	
98	38	1.5	46.8359	46.8359	-28.4685	
98	40	1.5	45.7642	45.7642	-34.2961	
98	42	1.5	50.7809	50.7809	-36.3468	
98	44	1.5	46.6595	46.6595	-31.0558	
98	46	1.5	49.6529	49.6529	-29.9903	
98	48	1.5	50.1707	50.1707	-27.0494	
98	50	1.5	50.6193	50.6193	-25.3014	
98	52	1.5	44.2017	44.2017	-35.0269	
98	54	1.5	48.0317	48.0317	-33.3399	
98	56	1.5	47.0618	47.0618	-25.167	
98	58	1.5	51.0902	51.0902	-29.5999	
98	60	1.5	52.0474	52.0474	-28.0879	
98	62	1.5	52.4339	52.4339	-28.1699	
98	64	1.5	60.2675	60.2675	-29.0563	
98	66	1.5	49.8398	49.8398	-23.8582	
98	68	1.5	57.6345	57.6345	-26.3241	
98	70	1.5	59.9059	59.9059	-28.8375	
98	72	1.5	62.5846	62.5846	-21.5686	
98	74	1.5	58.4544	58.4544	-26.1981	
98	76	1.5	61.9928	61.9928	-34.7886	
98	78	1.5	61.3863	61.3863	-21.3448	
98	80	1.5	64.2244	64.2244	-24.3172	
98	82	1.5	65.886	65.886	-26.0808	
98	84	1.5	51.3114	51.3114	-33.5462	
98	86	1.5	58.7835	58.7835	-23.671	
98	88	1.5	62.134	62.134	-27.567	
98	90	1.5	55.8336	55.8336	-23.6437	
98	92	1.5	64.9862	64.9862	-26.5922	
98	94	1.5	61.7477	61.7477	-15.6758	
98	96	1.5	64.0318	64.0318	-12.3534	
98	98	1.5	56.517	56.517	-22.5385	
98	100	1.5	60.959	60.959	-21.709	
105	0	1.5	49.0753	49.0753	-36.5521	
105	2	1.5	41.0612	41.0612	-45.7729	
105	4	1.5	39.2797	39.2797	-36.371	
105	6	1.5	46.7137	46.7137	-40.8156	
105	8	1.5	51.9311	51.9311	-31.7554	
105	10	1.5	46.6728	46.6728	-28.5832	
105	12	1.5	55.8992	55.8992	-28.4346	
105	14	1.5	55.1882	55.1882	-34.5252	
105	16	1.5	44.8558	44.8558	-34.1873	
105	18	1.5	49.7184	49.7184	-38.8589	
105	20	1.5	42.0927	42.0927	-44.3376	
105	22	1.5	45.6623	45.6623	-40.8268	
105	24	1.5	49.4622	49.4622	-33.3773	
105	26	1.5	44.149	44.149	-37.9523	
105	28	1.5	45.9771	45.9771	-31.1891	
105	30	1.5	47.7164	47.7164	-36.1835	
105	32	1.5	49.7542	49.7542	-26.9448	
105	34	1.5	52.7711	52.7711	-30.5556	
105	36	1.5	49.5377	49.5377	-39.8831	
105	38	1.5	43.8587	43.8587	-32.3531	
105	40	1.5	48.5643	48.5643	-40.9243	
105	42	1.5	52.2543	52.2543	-41.1837	
105	44	1.5	51.9274	51.9274	-31.2304	
105	46	1.5	48.8312	48.8312	-29.0003	
105	48	1.5	47.7703	47.7703	-32.8943	
105	50	1.5	46.8889	46.8889	-34.7163	
105	52	1.5	53.5516	53.5516	-26.856	
105	54	1.5	52.5085	52.5085	-37.3162	
105	56	1.5	53.5028	53.5028	-29.8044	
105	58	1.5	53.9437	53.9437	-34.2667	
105	60	1.5	53.1846	53.1846	-22.7324	
105	62	1.5	48.9776	48.9776	-28.8393	
105	64	1.5	61.5202	61.5202	-34.9181	
105	66	1.5	57.5501	57.5501	-31.4027	
105	68	1.5	53.5565	53.5565	-19.7894	
105	70	1.5	56.4935	56.4935	-24.5749	
105	72	1.5	57.0324	57.0324	-24.2489	
105	74	1.5	56.2325	56.2325	-28.4868	
105	76	1.5	57.9152	57.9152	-19.2507	
105	78	1.5	54.2839	54.2839	-28.1632	
105	80	1.5	53.4845	53.4845	-33.6519	
105	82	1.5	67.3855	67.3855	-21.4063	
105	84	1.5	54.6235	54.6235	-20.6611	
105	86	1.5	47.661	47.661	-26.3954	
105	88	1.5	49.89	49.89	-23.8685	
105	90	1.5	58.9709	58.9709	-25.8542	
105	92	1.5	52.7306	52.7306	-25.758	
105	94	1.5	64.7276	64.7276	-22.1881	
105	96	1.5	59.9686	59.9686	-27.7919	
105	98	1.5	47.8847	47.8847	-24.2188	
105	100	1.5	54.1476	54.1476	-25.2723	
112	0	1.5	44.3681	44.3681	-34.9733	
112	2	1.5	55.8644	55.8644	-36.5881	
112	4	1.5	48.5571	48.5571	-33.4911	
112	6	1.5	45.2956	45.2956	-35.7148	
112	8	1.5	44.5709	44.5709	-39.9462	
112	10	1.5	48.243	48.243	-36.8899	
112	12	1.5	47.997	47.997	-36.5312	
112	14	1.5	51.5847	51.5847	-32.7257	
112	16	1.5	47.5868	47.5868	-32.3972	
112	18	1.5	51.1283	51.1283	-34.1824	
112	20	1.5	49.1407	49.1407	-37.1935	
112	22	1.5	45.5338	45.5338	-37.6517	
112	24	1.5	44.2981	44.2981	-44.1485	
112	26	1.5	46.212	46.212	-32.261	
112	28	1.5	51.3329	51.3329	-30.4526	
112	30	1.5	45.6236	45.6236	-41.4752	
112	32	1.5	46.2816	46.2816	-30.5065	
112	34	1.5	48.2601	48.2601	-33.2545	
112	36	1.5	54.1358	54.1358	-31.9088	
112	38	1.5	49.7369	49.7369	-40.8585	
112	40	1.5	50.9549	50.9549	-36.054	
112	42	1.5	54.5078	54.5078	-35.5812	
112	44	1.5	51.9389	51.9389	-25.7012	
112	46	1.5	52.7757	52.7757	-38.972	
112	48	1.5	54.2561	54.2561	-28.9313	
112	50	1.5	58.4856	58.4856	-25.0956	
112	52	1.5	54.6883	54.6883	-30.293	
112	54	1.5	50.4595	50.4595	-32.5783	
112	56	1.5	53.3695	53.3695	-38.5446	
112	58	1.5	57.2847	57.2847	-32.8616	
112	60	1.5	51.0946	51.0946	-27.0266	
112	62	1.5	53.2764	53.2764	-25.8661	
112	64	1.5	57.5897	57.5897	-37.5974	
112	66	1.5	53.9423	53.9423	-29.0436	
112	68	1.5	50.1863	50.1863	-25.4177	
112	70	1.5	56.2654	56.2654	-26.4805	
112	72	1.5	54.8118	54.8118	-29.415	
112	74	1.5	56.1507	56.1507	-31.5269	
112	76	1.5	58.5029	58.5029	-35.0301	
112	78	1.5	51.1376	51.1376	-25.8606	
112	80	1.5	54.2527	54.2527	-23.5809	
112	82	1.5	50.9169	50.9169	-21.7361	
112	84	1.5	59.2153	59.2153	-33.5843	
112	86	1.5	60.2292	60.2292	-25.2365	
112	88	1.5	60.2987	60.2987	-27.4061	
112	90	1.5	63.1833	63.1833	-26.7042	
112	92	1.5	57.4931	57.4931	-24.5676	
112	94	1.5	58.6763	58.6763	-24.4543	
112	96	1.5	67.4828	67.4828	-30.8782	
112	98	1.5	57.0584	57.0584	-21.0412	
112	100	1.5	55.9438	55.9438	-24.6823	
119	0	1.5	43.5753	43.5753	-41.4819	
119	2	1.5	49.9287	49.9287	-30.3935	
119	4	1.5	42.0752	42.0752	-33.311	
119	6	1.5	40.9463	40.9463	-39.5191	
119	8	1.5	42.1857	42.1857	-30.5237	
119	10	1.5	39.2695	39.2695	-40.8759	
119	12	1.5	53.1902	53.1902	-31.7484	
119	14	1.5	48.4347	48.4347	-35.3496	
119	16	1.5	40.3675	40.3675	-35.0379	
119	18	1.5	40.9651	40.9651	-36.8201	
119	20	1.5	48.9871	48.9871	-41.6732	
119	22	1.5	46.278	46.278	-39.7062	
119	24	1.5	47.0442	47.0442	-36.5785	
119	26	1.5	55.6974	55.6974	-46.3948	
119	28	1.5	45.316	45.316	-34.1713	
119	30	1.5	43.5773	43.5773	-30.9619	
119	32	1.5	49.2561	49.2561	-38.0698	
119	34	1.5	45.9047	45.9047	-34.9796	
119	36	1.5	53.6847	53.6847	-35.0432	
119	38	1.5	53.5437	53.5437	-37.5406	
119	40	1.5	45.223	45.223	-40.509	
119	42	1.5	49.4417	49.4417	-25.0937	
119	44	1.5	51.1651	51.1651	-39.547	
119	46	1.5	45.6239	45.6239	-30.6647	
119	48	1.5	52.0433	52.0433	-36.1626	
119	50	1.5	56.0037	56.0037	-32.1261	
119	52	1.5	51.0824	51.0824	-37.6381	
119	54	1.5	48.5268	48.5268	-28.6531	
119	56	1.5	50.9588	50.9588	-35.857	
119	58	1.5	47.286	47.286	-26.9838	
119	60	1.5	61.6604	61.6604	-35.6763	
119	62	1.5	51.8118	51.8118	-35.5349	
119	64	1.5	50.6989	50.6989	-25.7224	
119	66	1.5	52.0547	52.0547	-32.4521	
119	68	1.5	53.5503	53.5503	-32.4639	
119	70	1.5	49.5145	49.5145	-25.5607	
119	72	1.5	49.781	49.781	-34.556	
119	74	1.5	51.4082	51.4082	-27.9681	
119	76	1.5	57.9567	57.9567	-23.2459	
119	78	1.5	53.2039	53.2039	-21.4732	
119	80	1.5	58.4653	58.4653	-25.1301	
119	82	1.5	53.1546	53.1546	-39.1062	
119	84	1.5	52.6748	52.6748	-26.9	
119	86	1.5	59.7144	59.7144	-30.6521	
119	88	1.5	59.1519	59.1519	-27.1316	
119	90	1.5	62.0682	62.0682	-25.2354	
119	92	1.5	53.8473	53.8473	-30.71	
119	94	1.5	55.7512	55.7512	-30.3446	
119	96	1.5	55.8355	55.8355	-20.8064	
119	98	1.5	56.9523	56.9523	-28.7447	
119	100	1.5	56.9751	56.9751	-34.057	
126	0	1.5	55.2144	55.2144	-35.3166	
126	2	1.5	41.3924	41.3924	-36.8875	
126	4	1.5	49.8759	49.8759	-42.3093	
126	6	1.5	49.2964	49.2964	-39.2075	
126	8	1.5	52.0561	52.0561	-38.281	
126	10	1.5	43.5236	43.5236	-41.8723	
126	12	1.5	47.364	47.364	-36.1585	
126	14	1.5	54.9254	54.9254	-37.9826	
126	16	1.5	46.471	46.471	-35.1045	
126	18	1.5	48.7251	48.7251	-34.7491	
126	20	1.5	49.728	49.728	-34.0013	
126	22	1.5	42.3222	42.3222	-29.1425	
126	24	1.5	46.2299	46.2299	-39.0816	
126	26	1.5	53.328	53.328	-28.4339	
126	28	1.5	44.5939	44.5939	-34.794	
126	30	1.5	57.1759	57.1759	-25.9769	
126	32	1.5	41.8361	41.8361	-36.2527	
126	34	1.5	45.5568	45.5568	-40.2362	
126	36	1.5	56.4191	56.4191	-36.481	
126	38	1.5	52.5778	52.5778	-33.507	
126	40	1.5	54.7857	54.7857	-35.029	
126	42	1.5	47.6778	47.6778	-29.5805	
126	44	1.5	47.1335	47.1335	-38.1844	
126	46	1.5	44.5625	44.5625	-37.4305	
126	48	1.5	52.3585	52.3585	-36.9361	
126	50	1.5	46.3334	46.3334	-43.3108	
126	52	1.5	49.4	49.4	-31.1467	
126	54	1.5	53.2035	53.2035	-26.8674	
126	56	1.5	50.7027	50.7027	-31.4558	
126	58	1.5	46.8033	46.8033	-31.4784	
126	60	1.5	49.3648	49.3648	-35.2611	
126	62	1.5	54.2786	54.2786	-29.5233	
126	64	1.5	46.5986	46.5986	-30.3417	
126	66	1.5	45.8528	45.8528	-33.3828	
126	68	1.5	56.6324	56.6324	-28.82	
126	70	1.5	57.1508	57.1508	-27.3476	
126	72	1.5	54.7219	54.7219	-38.7858	
126	74	1.5	54.9067	54.9067	-32.148	
126	76	1.5	54.1029	54.1029	-31.4776	
126	78	1.5	57.9057	57.9057	-25.2736	
126	80	1.5	50.7711	50.7711	-35.5946	
126	82	1.5	56.2378	56.2378	-32.8701	
126	84	1.5	55.555	55.555	-35.1347	
126	86	1.5	56.5833	56.5833	-31.5871	
126	88	1.5	61.3908	61.3908	-27.2868	
126	90	1.5	59.0201	59.0201	-30.8599	
126	92	1.5	55.2207	55.2207	-34.0011	
126	94	1.5	55.0394	55.0394	-30.4431	
126	96	1.5	55.6403	55.6403	-26.9706	
126	98	1.5	56.152	56.152	-24.57	
126	100	1.5	50.9836	50.9836	-30.2134	
133	0	1.5	36.9567	36.9567	-40.3442	
133	2	1.5	48.2618	48.2618	-35.9103	
133	4	1.5	43.001	43.001	-39.2507	
133	6	1.5	41.2678	41.2678	-33.1166	
133	8	1.5	41.6182	41.6182	-33.4511	
133	10	1.5	50.6529	50.6529	-42.9401	
133	12	1.5	48.659	48.659	-31.8387	
133	14	1.5	55.1746	55.1746	-39.7051	
133	16	1.5	46.1111	46.1111	-32.0831	
133	18	1.5	44.2799	44.2799	-37.7792	
133	20	1.5	49.7407	49.7407	-35.7086	
133	22	1.5	44.7764	44.7764	-31.6192	
133	24	1.5	53.9788	53.9788	-34.1725	
133	26	1.5	50.4667	50.4667	-31.1018	
133	28	1.5	46.5076	46.5076	-35.4565	
133	30	1.5	50.3875	50.3875	-32.4653	
133	32	1.5	48.1073	48.1073	-26.8783	
133	34	1.5	46.4572	46.4572	-35.1563	
133	36	1.5	49.8909	49.8909	-27.5179	
133	38	1.5	55.9723	55.9723	-38.9809	
133	40	1.5	41.5559	41.5559	-39.4126	
133	42	1.5	49.4225	49.4225	-33.9493	
133	44	1.5	45.9073	45.9073	-34.0635	
133	46	1.5	47.8803	47.8803	-30.1627	
133	48	1.5	53.7711	53.7711	-37.4873	
133	50	1.5	46.9846	46.9846	-33.5358	
133	52	1.5	48.8596	48.8596	-33.1989	
133	54	1.5	45.8216	45.8216	-32.1653	
133	56	1.5	51.3148	51.3148	-32.5981	
133	58	1.5	43.7358	43.7358	-31.1463	
133	60	1.5	51.6415	51.6415	-29.0777	
133	62	1.5	46.8459	46.8459	-26.5205	
133	64	1.5	52.56	52.56	-41.1334	
133	66	1.5	44.941	44.941	-37.5364	
133	68	1.5	45.2165	45.2165	-30.2181	
133	70	1.5	50.3464	50.3464	-35.3498	
133	72	1.5	51.5272	51.5272	-32.8012	
133	74	1.5	50.5223	50.5223	-36.1822	
133	76	1.5	47.7033	47.7033	-38.261	
133	78	1.5	46.524	46.524	-32.6351	
133	80	1.5	49.7999	49.7999	-23.678	
133	82	1.5	49.2954	49.2954	-27.4342	
133	84	1.5	54.0587	54.0587	-29.8676	
133	86	1.5	55.5315	55.5315	-31.2547	
133	88	1.5	50.0708	50.0708	-32.2299	
133	90	1.5	52.2733	52.2733	-29.371	
133	92	1.5	59.9471	59.9471	-29.3565	
133	94	1.5	53.6877	53.6877	-33.3218	
133	96	1.5	49.6613	49.6613	-30.9404	
133	98	1.5	57.7466	57.7466	-33.998	
133	100	1.5	47.2093	47.2093	-30.8361	
140	0	1.5	47.5214	47.5214	-41.6872	
140	2	1.5	47.6737	47.6737	-41.8594	
140	4	1.5	50.5636	50.5636	-41.1713	
140	6	1.5	48.085	48.085	-41.8182	
140	8	1.5	37.4009	37.4009	-39.3083	
140	10	1.5	53.0319	53.0319	-43.2972	
140	12	1.5	45.9396	45.9396	-36.62	
140	14	1.5	50.5144	50.5144	-46.2827	
140	16	1.5	44.4317	44.4317	-37.6455	
140	18	1.5	49.7694	49.7694	-38.2389	
140	20	1.5	53.1453	53.1453	-39.4423	
140	22	1.5	49.038	49.038	-39.6489	
140	24	1.5	50.2499	50.2499	-44.1342	
140	26	1.5	44.32	44.32	-42.4937	
140	28	1.5	49.1414	49.1414	-36.7516	
140	30	1.5	48.2654	48.2654	-39.7275	
140	32	1.5	47.3466	47.3466	-33.9777	
140	34	1.5	45.5849	45.5849	-32.0334	
140	36	1.5	45.024	45.024	-35.1525	
140	38	1.5	43.487	43.487	-34.5652	
140	40	1.5	51.3998	51.3998	-33.0678	
140	42	1.5	43.8233	43.8233	-29.3792	
140	44	1.5	52.3307	52.3307	-34.6537	
140	46	1.5	36.7037	36.7037	-31.9564	
140	48	1.5	47.7785	47.7785	-36.1036	
140	50	1.5	39.5071	39.5071	-29.9116	
140	52	1.5	50.8297	50.8297	-33.8373	
140	54	1.5	54.4967	54.4967	-33.3807	
140	56	1.5	48.1979	48.1979	-30.7216	
140	58	1.5	50.5389	50.5389	-32.1182	
140	60	1.5	52.8788	52.8788	-25.1325	
140	62	1.5	50.8497	50.8497	-32.1702	
140	64	1.5	52.5215	52.5215	-30.8032	
140	66	1.5	48.2994	48.2994	-29.6531	
140	68	1.5	46.6486	46.6486	-31.6165	
140	70	1.5	53.5466	53.5466	-41.7485	
140	72	1.5	55.0177	55.0177	-39.3966	
140	74	1.5	53.8427	53.8427	-34.835	
140	76	1.5	61.8791	61.8791	-31.4994	
140	78	1.5	49.0453	49.0453	-25.7004	
140	80	1.5	55.0803	55.0803	-29.3175	
140	82	1.5	54.4511	54.4511	-25.4833	
140	84	1.5	48.2135	48.2135	-30.5957	
140	86	1.5	53.226	53.226	-38.2536	
140	88	1.5	52.6466	52.6466	-33.0698	
140	90	1.5	52.7109	52.7109	-41.0497	
140	92	1.5	53.3279	53.3279	-35.229	
140	94	1.5	50.7118	50.7118	-27.5318	
140	96	1.5	54.2953	54.2953	-25.0415	
140	98	1.5	48.7062	48.7062	-32.7138	
140	100	1.5	55.9556	55.9556	-24.5953	
147	0	1.5	38.8534	38.8534	-43.6134	
147	2	1.5	42.6141	42.6141	-35.1449	
147	4	1.5	47.6845	47.6845	-35.0447	
147	6	1.5	45.3118	45.3118	-35.8674	
147	8	1.5	49.4346	49.4346	-32.028	
147	10	1.5	42.6847	42.6847	-43.0127	
147	12	1.5	46.1696	46.1696	-34.8062	
147	14	1.5	46.3777	46.3777	-30.7356	
147	16	1.5	48.5627	48.5627	-39.1174	
147	18	1.5	46.3732	46.3732	-40.6587	
147	20	1.5	47.0147	47.0147	-28.3225	
147	22	1.5	46.2183	46.2183	-33.3026	
147	24	1.5	48.6342	48.6342	-47.5824	
147	26	1.5	48.5237	48.5237	-31.862	
147	28	1.5	42.0076	42.0076	-37.675	
147	30	1.5	53.4806	53.4806	-35.4655	
147	32	1.5	52.1102	52.1102	-32.8488	
147	34	1.5	46.7941	46.7941	-38.3079	
147	36	1.5	46.271	46.271	-34.3327	
147	38	1.5	42.1077	42.1077	-33.7198	
147	40	1.5	41.1438	41.1438	-32.5935	
147	42	1.5	40.5679	40.5679	-40.6989	
147	44	1.5	44.0011	44.0011	-34.2808	
147	46	1.5	45.7151	45.7151	-38.7993	
147	48	1.5	52.1719	52.1719	-39.2673	
147	50	1.5	50.1341	50.1341	-38.8159	
147	52	1.5	43.0065	43.0065	-36.5438	
147	54	1.5	46.7165	46.7165	-33.4704	
147	56	1.5	57.4202	57.4202	-30.8346	
147	58	1.5	57.5824	57.5824	-35.1788	
147	60	1.5	47.7481	47.7481	-39.6735	
147	62	1.5	50.9732	50.9732	-36.055	
147	64	1.5	56.9994	56.9994	-35.1517	
147	66	1.5	49.0593	49.0593	-31.4975	
147	68	1.5	46.234	46.234	-32.3926	
147	70	1.5	55.6882	55.6882	-41.984	
147	72	1.5	54.8168	54.8168	-34.2549	
147	74	1.5	45.9344	45.9344	-29.2239	
147	76	1.5	52.2627	52.2627	-39.5729	
147	78	1.5	46.1138	46.1138	-38.6075	
147	80	1.5	41.3918	41.3918	-31.6535	
147	82	1.5	41.6522	41.6522	-39.6498	
147	84	1.5	51.0709	51.0709	-32.2093	
147	86	1.5	44.61	44.61	-26.6697	
147	88	1.5	47.2202	47.2202	-33.1963	
147	90	1.5	52.0919	52.0919	-24.7209	
147	92	1.5	54.2418	54.2418	-29.8114	
147	94	1.5	50.7101	50.7101	-32.6417	
147	96	1.5	49.1317	49.1317	-35.2342	
147	98	1.5	51.5961	51.5961	-28.1413	
147	100	1.5	46.9364	46.9364	-28.8077	
154	0	1.5	46.3498	46.3498	-40.6221	
154	2	1.5	42.3967	42.3967	-38.117	
154	4	1.5	45.2003	45.2003	-40.0382	
154	6	1.5	53.054	53.054	-35.2368	
154	8	1.5	41.2549	41.2549	-45.2403	
154	10	1.5	50.7937	50.7937	-36.0058	
154	12	1.5	44.2136	44.2136	-37.7492	
154	14	1.5	45.4535	45.4535	-45.4157	
154	16	1.5	49.4696	49.4696	-30.2867	
154	18	1.5	48.093	48.093	-27.7208	
154	20	1.5	38.9431	38.9431	-37.3402	
154	22	1.5	51.0377	51.0377	-37.6408	
154	24	1.5	43.3387	43.3387	-35.6068	
154	26	1.5	48.202	48.202	-47.3909	
154	28	1.5	57.1128	57.1128	-33.0884	
154	30	1.5	46.0611	46.0611	-43.9937	
154	32	1.5	48.5753	48.5753	-33.6258	
154	34	1.5	41.976	41.976	-37.396	
154	36	1.5	48.907	48.907	-37.3041	
154	38	1.5	54.3391	54.3391	-37.7644	
154	40	1.5	48.5285	48.5285	-32.8592	
154	42	1.5	46.126	46.126	-39.1657	
154	44	1.5	54.2668	54.2668	-37.8632	
154	46	1.5	56.8925	56.8925	-35.201	
154	48	1.5	45.6118	45.6118	-30.2932	
154	50	1.5	47.9345	47.9345	-40.6213	
154	52	1.5	46.3369	46.3369	-33.1442	
154	54	1.5	43.5933	43.5933	-37.9971	
154	56	1.5	57.3073	57.3073	-30.2761	
154	58	1.5	45.784	45.784	-39.2704	
154	60	1.5	43.7417	43.7417	-35.2609	
154	62	1.5	57.9794	57.9794	-32.1986	
154	64	1.5	57.2449	57.2449	-34.7341	
154	66	1.5	46.1656	46.1656	-35.9707	
154	68	1.5	50.5461	50.5461	-33.7317	
154	70	1.5	47.3447	47.3447	-36.9013	
154	72	1.5	47.0665	47.0665	-33.9478	
154	74	1.5	46.2521	46.2521	-39.8852	
154	76	1.5	44.4485	44.4485	-26.2493	
154	78	1.5	49.0145	49.0145	-33.3454	
154	80	1.5	48.1428	48.1428	-31.2204	
154	82	1.5	40.869	40.869	-42.2612	
154	84	1.5	43.6726	43.6726	-33.5536	
154	86	1.5	55.8438	55.8438	-34.4565	
154	88	1.5	54.5979	54.5979	-38.8463	
154	90	1.5	55.4909	55.4909	-34.7336	
154	92	1.5	48.0904	48.0904	-33.3257	
154	94	1.5	47.0488	47.0488	-35.0194	
154	96	1.5	51.1257	51.1257	-30.7479	
154	98	1.5	53.7928	53.7928	-35.2121	
154	100	1.5	47.6082	47.6082	-35.9664	
161	0	1.5	43.0533	43.0533	-37.8257	
161	2	1.5	48.3192	48.3192	-47.5173	
161	4	1.5	36.3504	36.3504	-32.8106	
161	6	1.5	41.039	41.039	-47.4344	
161	8	1.5	44.7393	44.7393	-43.0644	
161	10	1.5	41.6275	41.6275	-36.8571	
161	12	1.5	44.6297	44.6297	-40.267	
161	14	1.5	59.8029	59.8029	-38.2812	
161	16	1.5	42.7615	42.7615	-34.6789	
161	18	1.5	39.9983	39.9983	-41.3786	
161	20	1.5	41.5819	41.5819	-28.5271	
161	22	1.5	37.8823	37.8823	-37.6655	
161	24	1.5	37.7882	37.7882	-30.5038	
161	26	1.5	35.1743	35.1743	-36.6257	
161	28	1.5	42.4662	42.4662	-31.4627	
161	30	1.5	40.0257	40.0257	-41.1292	
161	32	1.5	40.5513	40.5513	-29.3525	
161	34	1.5	49.1602	49.1602	-32.5318	
161	36	1.5	42.8418	42.8418	-39.298	
161	38	1.5	45.5616	45.5616	-40.4469	
161	40	1.5	48.5919	48.5919	-30.6813	
161	42	1.5	43.9901	43.9901	-33.7985	
161	44	1.5	48.2472	48.2472	-30.9279	
161	46	1.5	53.5923	53.5923	-40.8615	
161	48	1.5	45.8468	45.8468	-33.5088	
161	50	1.5	42.9203	42.9203	-33.0658	
161	52	1.5	44.2727	44.2727	-37.5618	
161	54	1.5	40.5471	40.5471	-24.1543	
161	56	1.5	39.8296	39.8296	-34.9087	
161	58	1.5	47.6146	47.6146	-33.1162	
161	60	1.5	49.8977	49.8977	-39.6413	
161	62	1.5	46.1902	46.1902	-36.2979	
161	64	1.5	46.2036	46.2036	-33.0814	
161	66	1.5	47.7859	47.7859	-35.9321	
161	68	1.5	53.8691	53.8691	-38.4958	
161	70	1.5	54.4634	54.4634	-32.5031	
161	72	1.5	49.0309	49.0309	-37.8474	
161	74	1.5	44.0705	44.0705	-32.6617	
161	76	1.5	45.1582	45.1582	-30.2698	
161	78	1.5	41.5931	41.5931	-45.2251	
161	80	1.5	49.153	49.153	-39.5324	
161	82	1.5	58.3786	58.3786	-34.5767	
161	84	1.5	47.077	47.077	-33.3415	
161	86	1.5	50.4916	50.4916	-34.6681	
161	88	1.5	48.356	48.356	-29.6333	
161	90	1.5	45.8107	45.8107	-37.045	
161	92	1.5	55.3857	55.3857	-30.2165	
161	94	1.5	50.0013	50.0013	-39.3055	
161	96	1.5	55.2764	55.2764	-43.8147	
161	98	1.5	48.5695	48.5695	-28.9194	
161	100	1.5	50.3632	50.3632	-36.4104	
168	0	1.5	40.8979	40.8979	-40.7823	
168	2	1.5	49.93	49.93	-41.6944	
168	4	1.5	52.3388	52.3388	-37.7813	
168	6	1.5	39.8526	39.8526	-39.7814	
168	8	1.5	49.7766	49.7766	-36.8272	
168	10	1.5	46.4829	46.4829	-43.2538	
168	12	1.5	51.4386	51.4386	-30.8028	
168	14	1.5	44.9968	44.9968	-36.2032	
168	16	1.5	47.9977	47.9977	-36.3355	
168	18	1.5	47.5368	47.5368	-23.35	
168	20	1.5	40.8862	40.8862	-37.6724	
168	22	1.5	47.9943	47.9943	-33.3583	
168	24	1.5	48.3208	48.3208	-44.9021	
168	26	1.5	45.2146	45.2146	-31.1964	
168	28	1.5	42.2066	42.2066	-41.2437	
168	30	1.5	53.8636	53.8636	-38.7918	
168	32	1.5	42.4367	42.4367	-34.3411	
168	34	1.5	45.1477	45.1477	-33.2819	
168	36	1.5	49.6008	49.6008	-35.3343	
168	38	1.5	45.3995	45.3995	-34.1291	
168	40	1.5	41.445	41.445	-45.4138	
168	42	1.5	42.368	42.368	-32.3103	
168	44	1.5	48.3304	48.3304	-34.9042	
168	46	1.5	42.6522	42.6522	-33.225	
168	48	1.5	45.4782	45.4782	-37.7321	
168	50	1.5	43.5628	43.5628	-31.6865	
168	52	1.5	48.4061	48.4061	-35.5993	
168	54	1.5	42.0052	42.0052	-38.1853	
168	56	1.5	49.2983	49.2983	-33.6138	
168	58	1.5	41.6239	41.6239	-40.1494	
168	60	1.5	53.2555	53.2555	-33.9933	
168	62	1.5	48.1451	48.1451	-40.81	
168	64	1.5	45.5015	45.5015	-31.9079	
168	66	1.5	52.1493	52.1493	-31.8884	
168	68	1.5	50.4241	50.4241	-37.7928	
168	70	1.5	45.4408	45.4408	-29.6185	
168	72	1.5	49.659	49.659	-34.1615	
168	74	1.5	51.4351	51.4351	-38.8286	
168	76	1.5	53.1517	53.1517	-35.6529	
168	78	1.5	52.0751	52.0751	-41.9885	
168	80	1.5	50.812	50.812	-34.5142	
168	82	1.5	50.1853	50.1853	-51.4106	
168	84	1.5	45.0964	45.0964	-35.6539	
168	86	1.5	50.5848	50.5848	-32.9853	
168	88	1.5	45.1406	45.1406	-39.5885	
168	90	1.5	41.919	41.919	-36.6494	
168	92	1.5	45.2119	45.2119	-39.9118	
168	94	1.5	51.9101	51.9101	-40.6096	
168	96	1.5	49.8407	49.8407	-41.8171	
168	98	1.5	48.2736	48.2736	-34.0432	
168	100	1.5	50.7621	50.7621	-37.2399	
175	0	1.5	37.2241	37.2241	-42.3853	
175	2	1.5	43.4306	43.4306	-36.3415	
175	4	1.5	47.0131	47.0131	-40.0297	
175	6	1.5	38.6151	38.6151	-37.199	
175	8	1.5	42.9318	42.9318	-41.1116	
175	10	1.5	44.4184	44.4184	-45.5217	
175	12	1.5	47.6942	47.6942	-37.8809	
175	14	1.5	40.2404	40.2404	-35.2663	
175	16	1.5	44.0672	44.0672	-31.8838	
175	18	1.5	40.7641	40.7641	-41.9587	
175	20	1.5	43.7588	43.7588	-37.4421	
175	22	1.5	40.968	40.968	-35.4498	
175	24	1.5	43.0816	43.0816	-37.9293	
175	26	1.5	49.0997	49.0997	-30.7729	
175	28	1.5	48.086	48.086	-38.2797	
175	30	1.5	49.8854	49.8854	-42.8784	
175	32	1.5	45.1249	45.1249	-37.4448	
175	34	1.5	50.466	50.466	-34.8851	
175	36	1.5	48.3801	48.3801	-41.7802	
175	38	1.5	44.2248	44.2248	-36.2527	
175	40	1.5	44.5058	44.5058	-38.1806	
175	42	1.5	45.1452	45.1452	-43.0362	
175	44	1.5	45.2217	45.2217	-36.4069	
175	46	1.5	47.4207	47.4207	-41.3164	
175	48	1.5	38.5178	38.5178	-44.3985	
175	50	1.5	44.8109	44.8109	-36.7523	
175	52	1.5	50.3838	50.3838	-38.2999	
175	54	1.5	47.987	47.987	-38.8917	
175	56	1.5	41.5133	41.5133	-32.8379	
175	58	1.5	50.8146	50.8146	-37.3321	
175	60	1.5	45.1311	45.1311	-34.2272	
175	62	1.5	46.1884	46.1884	-38.9753	
175	64	1.5	46.7468	46.7468	-41.2084	
175	66	1.5	39.9999	39.9999	-40.4012	
175	68	1.5	42.7033	42.7033	-43.1512	
175	70	1.5	40.0154	40.0154	-34.4824	
175	72	1.5	51.1644	51.1644	-34.9456	
175	74	1.5	40.8348	40.8348	-33.3975	
175	76	1.5	45.9535	45.9535	-34.9182	
175	78	1.5	47.1777	47.1777	-40.847	
175	80	1.5	39.8498	39.8498	-40.1652	
175	82	1.5	41.5555	41.5555	-29.0581	
175	84	1.5	35.5179	35.5179	-32.7575	
175	86	1.5	42.8052	42.8052	-42.646	
175	88	1.5	46.17	46.17	-37.9333	
175	90	1.5	41.1972	41.1972	-31.5564	
175	92	1.5	45.3083	45.3083	-31.5815	
175	94	1.5	44.6874	44.6874	-32.1999	
175	96	1.5	47.5534	47.5534	-38.1579	
175	98	1.5	49.8162	49.8162	-36.4928	
175	100	1.5	52.3091	52.3091	-31.4035	
182	0	1.5	43.9437	43.9437	-40.3805	
182	2	1.5	43.1949	43.1949	-39.9684	
182	4	1.5	45.3372	45.3372	-42.0038	
182	6	1.5	39.6581	39.6581	-42.1072	
182	8	1.5	31.8102	31.8102	-42.8035	
182	10	1.5	43.6667	43.6667	-39.7893	
182	12	1.5	46.1651	46.1651	-39.5267	
182	14	1.5	40.3233	40.3233	-33.3424	
182	16	1.5	50.3532	50.3532	-36.804	
182	18	1.5	43.3214	43.3214	-32.2404	
182	20	1.5	43.8179	43.8179	-42.0845	
182	22	1.5	43.1393	43.1393	-38.4905	
182	24	1.5	41.7352	41.7352	-36.2313	
182	26	1.5	36.9876	36.9876	-35.8606	
182	28	1.5	40.7369	40.7369	-33.8936	
182	30	1.5	46.2005	46.2005	-41.1834	
182	32	1.5	38.9367	38.9367	-40.5245	
182	34	1.5	39.8259	39.8259	-42.5809	
182	36	1.5	47.7158	47.7158	-36.406	
182	38	1.5	47.1208	47.1208	-33.9082	
182	40	1.5	44.5026	44.5026	-37.599	
182	42	1.5	50.9296	50.9296	-40.1327	
182	44	1.5	47.7972	47.7972	-37.8399	
182	46	1.5	37.4789	37.4789	-36.7321	
182	48	1.5	54.4655	54.4655	-38.014	
182	50	1.5	38.4142	38.4142	-38.9377	
182	52	1.5	48.8923	48.8923	-40.5538	
182	54	1.5	46.9492	46.9492	-35.3446	
182	56	1.5	45.7402	45.7402	-33.6007	
182	58	1.5	47.5912	47.5912	-40.5513	
182	60	1.5	47.0578	47.0578	-32.7188	
182	62	1.5	48.5612	48.5612	-40.2344	
182	64	1.5	49.0435	49.0435	-39.1803	
182	66	1.5	49.7784	49.7784	-43.2342	
182	68	1.5	47.3922	47.3922	-37.4859	
182	70	1.5	46.4243	46.4243	-35.588	
182	72	1.5	47.7046	47.7046	-39.6422	
182	74	1.5	44.0407	44.0407	-35.1132	
182	76	1.5	48.263	48.263	-35.2234	
182	78	1.5	49.9213	49.9213	-43.4329	
182	80	1.5	45.9683	45.9683	-36.7958	
182	82	1.5	42.6914	42.6914	-36.8163	
182	84	1.5	44.2145	44.2145	-37.8632	
182	86	1.5	48.7175	48.7175	-44.9918	
182	88	1.5	45.3835	45.3835	-33.0425	
182	90	1.5	46.9477	46.9477	-28.2346	
182	92	1.5	48.5703	48.5703	-42.5691	
182	94	1.5	43.0704	43.0704	-37.061	
182	96	1.5	47.5811	47.5811	-40.0684	
182	98	1.5	41.6444	41.6444	-36.8493	
182	100	1.5	45.0423	45.0423	-37.2844	
189	0	1.5	46.1545	46.1545	-39.7505	
189	2	1.5	39.0863	39.0863	-40.6313	
189	4	1.5	34.4257	34.4257	-51.2079	
189	6	1.5	41.7225	41.7225	-37.1813	
189	8	1.5	47.6479	47.6479	-43.9448	
189	10	1.5	41.2183	41.2183	-41.3331	
189	12	1.5	45.3774	45.3774	-35.0613	
189	14	1.5	46.2761	46.2761	-31.6864	
189	16	1.5	46.5777	46.5777	-43.7417	
189	18	1.5	43.9983	43.9983	-45.4191	
189	20	1.5	46.2841	46.2841	-39.8917	
189	22	1.5	39.6799	39.6799	-38.0246	
189	24	1.5	44.5284	44.5284	-32.7472	
189	26	1.5	45.5445	45.5445	-43.2866	
189	28	1.5	43.7842	43.7842	-39.5583	
189	30	1.5	44.8268	44.8268	-46.7424	
189	32	1.5	40.8911	40.8911	-36.6126	
189	34	1.5	42.4932	42.4932	-46.3978	
189	36	1.5	36.499	36.499	-44.6904	
189	38	1.5	36.9214	36.9214	-35.521	
189	40	1.5	42.7287	42.7287	-39.5543	
189	42	1.5	46.2395	46.2395	-35.6174	
189	44	1.5	43.3362	43.3362	-40.5251	
189	46	1.5	41.803	41.803	-35.9735	
189	48	1.5	41.0882	41.0882	-33.2167	
189	50	1.5	47.4624	47.4624	-36.2976	
189	52	1.5	45.3252	45.3252	-32.1605	
189	54	1.5	42.4949	42.4949	-39.1632	
189	56	1.5	43.3764	43.3764	-34.9115	
189	58	1.5	44.604	44.604	-38.1893	
189	60	1.5	45.159	45.159	-37.9614	
189	62	1.5	46.2631	46.2631	-33.9875	
189	64	1.5	40.7752	40.7752	-40.4939	
189	66	1.5	46.2061	46.2061	-38.1044	
189	68	1.5	42.9965	42.9965	-42.1382	
189	70	1.5	46.6555	46.6555	-34.5965	
189	72	1.5	45.7008	45.7008	-42.4778	
189	74	1.5	44.7744	44.7744	-34.4652	
189	76	1.5	32.3464	32.3464	-32.6166	
189	78	1.5	49.2058	49.2058	-39.1907	
189	80	1.5	44.7151	44.7151	-39.6759	
189	82	1.5	49.3037	49.3037	-40.7283	
189	84	1.5	37.9881	37.9881	-40.6747	
189	86	1.5	45.2942	45.2942	-35.8591	
189	88	1.5	44.4755	44.4755	-45.7264	
189	90	1.5	43.1315	43.1315	-36.5872	
189	92	1.5	42.7998	42.7998	-28.4002	
189	94	1.5	46.5763	46.5763	-28.5503	
189	96	1.5	42.5329	42.5329	-40.7604	
189	98	1.5	49.3856	49.3856	-43.6393	
189	100	1.5	47.8766	47.8766	-41.2457	
196	0	1.5	38.6062	38.6062	-35.2747	
196	2	1.5	39.5659	39.5659	-35.7798	
196	4	1.5	43.8205	43.8205	-38.3261	
196	6	1.5	42.8925	42.8925	-36.3953	
196	8	1.5	47.4463	47.4463	-46.9112	
196	10	1.5	46.5704	46.5704	-33.7512	
196	12	1.5	46.7752	46.7752	-41.919	
196	14	1.5	47.7341	47.7341	-36.4282	
196	16	1.5	47.9308	47.9308	-38.8656	
196	18	1.5	36.7563	36.7563	-40.5808	
196	20	1.5	49.0684	49.0684	-41.5982	
196	22	1.5	38.7576	38.7576	-37.2049	
196	24	1.5	38.6114	38.6114	-31.0722	
196	26	1.5	40.3796	40.3796	-40.1992	
196	28	1.5	44.3431	44.3431	-41.6523	
196	30	1.5	38.5884	38.5884	-37.3661	
196	32	1.5	40.6478	40.6478	-35.2119	
196	34	1.5	39.002	39.002	-41.4545	
196	36	1.5	41.4388	41.4388	-42.1093	
196	38	1.5	43.6762	43.6762	-34.0756	
196	40	1.5	54.0004	54.0004	-41.0574	
196	42	1.5	48.2522	48.2522	-37.6706	
196	44	1.5	40.2462	40.2462	-45.7585	
196	46	1.5	33.7075	33.7075	-40.7866	
196	48	1.5	51.1565	51.1565	-38.9572	
196	50	1.5	40.2931	40.2931	-33.8886	
196	52	1.5	52.1538	52.1538	-42.7298	
196	54	1.5	48.5736	48.5736	-36.6255	
196	56	1.5	41.463	41.463	-38.0969	
196	58	1.5	45.004	45.004	-46.6384	
196	60	1.5	50.8058	50.8058	-42.5458	
196	62	1.5	40.243	40.243	-37.5958	
196	64	1.5	48.3467	48.3467	-31.6888	
196	66	1.5	43.9847	43.9847	-36.479	
196	68	1.5	52.5877	52.5877	-39.4794	
196	70	1.5	41.0711	41.0711	-41.0461	
196	72	1.5	50.0225	50.0225	-44.1695	
196	74	1.5	49.6544	49.6544	-34.7281	
196	76	1.5	49.3984	49.3984	-35.4632	
196	78	1.5	44.0368	44.0368	-41.2545	
196	80	1.5	49.9422	49.9422	-43.9445	
196	82	1.5	41.6372	41.6372	-36.4835	
196	84	1.5	40.4182	40.4182	-35.7746	
196	86	1.5	49.9963	49.9963	-41.058	
196	88	1.5	48.1909	48.1909	-40.5147	
196	90	1.5	44.1394	44.1394	-39.6924	
196	92	1.5	50.445	50.445	-40.5377	
196	94	1.5	41.5193	41.5193	-37.0943	
196	96	1.5	48.3778	48.3778	-42.947	
196	98	1.5	48.1386	48.1386	-35.0794	
196	100	1.5	47.188	47.188	-41.0815	
203	0	1.5	44.4705	44.4705	-48.3882	
203	2	1.5	43.3768	43.3768	-42.9485	
203	4	1.5	30.0521	30.0521	-40.8232	
203	6	1.5	44.1039	44.1039	-38.0105	
203	8	1.5	39.3651	39.3651	-41.7102	
203	10	1.5	42.8102	42.8102	-38.5919	
203	12	1.5	41.4078	41.4078	-43.3887	
203	14	1.5	41.1352	41.1352	-40.5457	
203	16	1.5	40.6072	40.6072	-40.6535	
203	18	1.5	46.6681	46.6681	-36.0072	
203	20	1.5	42.3533	42.3533	-40.5447	
203	22	1.5	50.5618	50.5618	-36.7613	
203	24	1.5	48.2224	48.2224	-44.7973	
203	26	1.5	40.8578	40.8578	-42.2163	
203	28	1.5	36.5057	36.5057	-44.4045	
203	30	1.5	45.0246	45.0246	-36.2681	
203	32	1.5	47.5771	47.5771	-48.2302	
203	34	1.5	31.8566	31.8566	-33.4798	
203	36	1.5	43.7742	43.7742	-48.3874	
203	38	1.5	44.9021	44.9021	-34.7106	
203	40	1.5	46.0589	46.0589	-46.1395	
203	42	1.5	38.867	38.867	-34.6268	
203	44	1.5	41.1443	41.1443	-37.5119	
203	46	1.5	56.8985	56.8985	-39.0982	
203	48	1.5	44.8795	44.8795	-39.6337	
203	50	1.5	49.3511	49.3511	-41.8568	
203	52	1.5	36.9435	36.9435	-35.8348	
203	54	1.5	41.6981	41.6981	-38.5351	
203	56	1.5	36.0442	36.0442	-40.3449	
203	58	1.5	54.1053	54.1053	-34.7793	
203	60	1.5	39.1876	39.1876	-34.4496	
203	62	1.5	48.8294	48.8294	-36.7473	
203	64	1.5	46.7684	46.7684	-42.7119	
203	66	1.5	48.3688	48.3688	-39.4566	
203	68	1.5	42.872	42.872	-42.2622	
203	70	1.5	44.3415	44.3415	-32.3854	
203	72	1.5	47.6844	47.6844	-42.1169	
203	74	1.5	41.7494	41.7494	-32.0536	
203	76	1.5	51.8329	51.8329	-36.1618	
203	78	1.5	44.7923	44.7923	-44.4235	
203	80	1.5	41.7126	41.7126	-33.3559	
203	82	1.5	37.7148	37.7148	-39.8513	
203	84	1.5	44.3732	44.3732	-38.0213	
203	86	1.5	40.3365	40.3365	-39.9616	
203	88	1.5	53.3463	53.3463	-38.7934	
203	90	1.5	44.4951	44.4951	-34.7965	
203	92	1.5	42.1086	42.1086	-45.9611	
203	94	1.5	45.9984	45.9984	-41.2899	
203	96	1.5	38.0768	38.0768	-42.7402	
203	98	1.5	49.2365	49.2365	-43.67	
203	100	1.5	50.6892	50.6892	-42.7999	
210	0	1.5	41.8956	41.8956	-39.6368	
210	2	1.5	45.7597	45.7597	-45.5806	
210	4	1.5	39.8738	39.8738	-39.3679	
210	6	1.5	42.5802	42.5802	-36.4798	
210	8	1.5	44.3715	44.3715	-43.2949	
210	10	1.5	39.837	39.837	-44.9361	
210	12	1.5	40.3361	40.3361	-40.4622	
210	14	1.5	51.282	51.282	-48.3989	
210	16	1.5	41.5568	41.5568	-36.6569	
210	18	1.5	45.4753	45.4753	-34.7576	
210	20	1.5	40.8317	40.8317	-43.397	
210	22	1.5	42.4287	42.4287	-45.5294	
210	24	1.5	48.6199	48.6199	-40.3598	
210	26	1.5	44.936	44.936	-40.7789	
210	28	1.5	43.9299	43.9299	-45.1002	
210	30	1.5	38.9542	38.9542	-46.3285	
210	32	1.5	37.3036	37.3036	-34.6929	
210	34	1.5	40.6597	40.6597	-43.7808	
210	36	1.5	43.4827	43.4827	-43.9037	
210	38	1.5	40.3094	40.3094	-38.477	
210	40	1.5	40.2585	40.2585	-36.3131	
210	42	1.5	36.4975	36.4975	-40.8563	
210	44	1.5	46.1001	46.1001	-33.9585	
210	46	1.5	42.448	42.448	-40.3357	
210	48	1.5	44.8626	44.8626	-37.8173	
210	50	1.5	46.6719	46.6719	-44.4198	
210	52	1.5	37.9266	37.9266	-40.6359	
210	54	1.5	41.7646	41.7646	-37.0548	
210	56	1.5	38.4422	38.4422	-44.2554	
210	58	1.5	51.6189	51.6189	-35.5576	
210	60	1.5	52.987	52.987	-35.172	
210	62	1.5	43.7483	43.7483	-41.1894	
210	64	1.5	40.6457	40.6457	-37.9235	
210	66	1.5	51.8853	51.8853	-36.5729	
210	68	1.5	39.8167	39.8167	-43.9294	
210	70	1.5	37.7589	37.7589	-37.2658	
210	72	1.5	40.5377	40.5377	-36.079	
210	74	1.5	36.9433	36.9433	-37.3264	
210	76	1.5	51.1774	51.1774	-38.4449	
210	78	1.5	44.6536	44.6536	-34.8771	
210	80	1.5	40.254	40.254	-43.8972	
210	82	1.5	47.4177	47.4177	-38.0652	
210	84	1.5	40.6942	40.6942	-41.5658	
210	86	1.5	39.9982	39.9982	-42.3878	
210	88	1.5	44.1398	44.1398	-37.948	
210	90	1.5	42.1139	42.1139	-41.4808	
210	92	1.5	43.0306	43.0306	-31.8243	
210	94	1.5	49.779	49.779	-43.1623	
210	96	1.5	44.7539	44.7539	-43.4307	
210	98	1.5	43.9853	43.9853	-40.9532	
210	100	1.5	47.2676	47.2676	-36.9733	
217	0	1.5	38.0155	38.0155	-44.6563	
217	2	1.5	43.5231	43.5231	-33.0683	
217	4	1.5	40.6067	40.6067	-39.8797	
217	6	1.5	37.1707	37.1707	-46.9106	
217	8	1.5	39.0851	39.0851	-44.2406	
217	10	1.5	43.5931	43.5931	-40.7536	
217	12	1.5	39.2858	39.2858	-37.9951	
217	14	1.5	47.2962	47.2962	-39.0274	
217	16	1.5	35.9865	35.9865	-47.0168	
217	18	1.5	39.2651	39.2651	-34.8837	
217	20	1.5	34.8931	34.8931	-41.9803	
217	22	1.5	41.5255	41.5255	-40.8153	
217	24	1.5	44.5452	44.5452	-41.8584	
217	26	1.5	41.898	41.898	-39.181	
217	28	1.5	45.2095	45.2095	-45.0452	
217	30	1.5	40.923	40.923	-45.1475	
217	32	1.5	46.7362	46.7362	-34.3758	
217	34	1.5	49.0206	49.0206	-38.3628	
217	36	1.5	41.8001	41.8001	-41.6217	
217	38	1.5	49.1222	49.1222	-41.4126	
217	40	1.5	47.3603	47.3603	-38.6137	
217	42	1.5	44.5392	44.5392	-43.4875	
217	44	1.5	42.5475	42.5475	-38.9139	
217	46	1.5	43.3233	43.3233	-36.2403	
217	48	1.5	49.5178	49.5178	-38.636	
217	50	1.5	42.3438	42.3438	-39.2771	
217	52	1.5	48.923	48.923	-45.5085	
217	54	1.5	38.675	38.675	-43.5426	
217	56	1.5	44.1513	44.1513	-31.4911	
217	58	1.5	48.6188	48.6188	-39.4439	
217	60	1.5	44.2099	44.2099	-38.583	
217	62	1.5	47.8699	47.8699	-38.0394	
217	64	1.5	43.9063	43.9063	-39.3395	
217	66	1.5	44.821	44.821	-38.1644	
217	68	1.5	46.0573	46.0573	-32.3172	
217	70	1.5	41.8903	41.8903	-38.304	
217	72	1.5	43.6378	43.6378	-42.3572	
217	74	1.5	49.9862	49.9862	-45.0274	
217	76	1.5	46.0875	46.0875	-48.0631	
217	78	1.5	40.5567	40.5567	-42.0217	
217	80	1.5	42.8177	42.8177	-36.2655	
217	82	1.5	47.0458	47.0458	-39.1558	
217	84	1.5	48.4682	48.4682	-35.5566	
217	86	1.5	45.6963	45.6963	-36.818	
217	88	1.5	39.0686	39.0686	-49.0553	
217	90	1.5	44.0988	44.0988	-45.8501	
217	92	1.5	44.7815	44.7815	-40.0674	
217	94	1.5	37.1329	37.1329	-43.2877	
217	96	1.5	50.3754	50.3754	-41.8363	
217	98	1.5	39.9594	39.9594	-44.0864	
217	100	1.5	41.7732	41.7732	-46.3403	
224	0	1.5	40.2346	40.2346	-39.0894	
224	2	1.5	33.8585	33.8585	-39.2995	
224	4	1.5	46.1707	46.1707	-42.4353	
224	6	1.5	47.8039	47.8039	-44.0501	
224	8	1.5	41.9108	41.9108	-41.2007	
224	10	1.5	36.4883	36.4883	-49.6307	
224	12	1.5	37.1893	37.1893	-44.7333	
224	14	1.5	42.1924	42.1924	-34.4325	
224	16	1.5	41.1092	41.1092	-42.8852	
224	18	1.5	39.7655	39.7655	-39.7184	
224	20	1.5	47.623	47.623	-41.0672	
224	22	1.5	45.6987	45.6987	-48.0493	
224	24	1.5	38.1996	38.1996	-48.8737	
224	26	1.5	36.4133	36.4133	-48.7437	
224	28	1.5	43.6916	43.6916	-41.6605	
224	30	1.5	42.1206	42.1206	-44.3326	
224	32	1.5	46.508	46.508	-36.9698	
224	34	1.5	42.6195	42.6195	-40.2967	
224	36	1.5	38.2216	38.2216	-42.3194	
224	38	1.5	44.5264	44.5264	-40.0695	
224	40	1.5	42.0339	42.0339	-48.9916	
224	42	1.5	34.5279	34.5279	-35.3697	
224	44	1.5	45.6446	45.6446	-41.0458	
224	46	1.5	44.1201	44.1201	-41.43	
224	48	1.5	41.7207	41.7207	-44.3603	
224	50	1.5	36.6219	36.6219	-44.9723	
224	52	1.5	36.2049	36.2049	-45.8986	
224	54	1.5	42.004	42.004	-42.3959	
224	56	1.5	39.8591	39.8591	-44.6365	
224	58	1.5	42.7075	42.7075	-25.219	
224	60	1.5	40.512	40.512	-43.1821	
224	62	1.5	41.002	41.002	-46.2477	
224	64	1.5	40.0784	40.0784	-34.3833	
224	66	1.5	41.6954	41.6954	-38.0094	
224	68	1.5	43.0145	43.0145	-48.181	
224	70	1.5	44.5888	44.5888	-43.7673	
224	72	1.5	36.5906	36.5906	-46.2824	
224	74	1.5	44.3233	44.3233	-44.4121	
224	76	1.5	39.9378	39.9378	-39.9752	
224	78	1.5	48.0416	48.0416	-42.8242	
224	80	1.5	42.4318	42.4318	-35.1004	
224	82	1.5	45.0511	45.0511	-39.6824	
224	84	1.5	45.9082	45.9082	-39.1721	
224	86	1.5	38.8874	38.8874	-44.6208	
224	88	1.5	44.3304	44.3304	-42.0048	
224	90	1.5	41.262	41.262	-40.7467	
224	92	1.5	35.4825	35.4825	-42.735	
224	94	1.5	38.0451	38.0451	-40.0087	
224	96	1.5	43.7902	43.7902	-39.2535	
224	98	1.5	37.0108	37.0108	-30.526	
224	100	1.5	40.378	40.378	-49.2537	
231	0	1.5	41.5357	41.5357	-38.2965	
231	2	1.5	39.8128	39.8128	-40.9204	
231	4	1.5	32.4928	32.4928	-39.2321	
231	6	1.5	41.6059	41.6059	-39.6423	
231	8	1.5	35.4857	35.4857	-39.8547	
231	10	1.5	44.4554	44.4554	-43.7321	
231	12	1.5	39.3494	39.3494	-35.1103	
231	14	1.5	46.9356	46.9356	-40.1764	
231	16	1.5	37.2705	37.2705	-39.0666	
231	18	1.5	45.6567	45.6567	-45.378	
231	20	1.5	39.096	39.096	-35.9903	
231	22	1.5	41.7946	41.7946	-44.2721	
231	24	1.5	43.3084	43.3084	-44.2005	
231	26	1.5	36.5418	36.5418	-50.2977	
231	28	1.5	39.3801	39.3801	-47.7305	
231	30	1.5	41.2216	41.2216	-40.1162	
231	32	1.5	36.6815	36.6815	-41.4862	
231	34	1.5	41.6314	41.6314	-44.9848	
231	36	1.5	40.5136	40.5136	-41.4301	
231	38	1.5	41.7719	41.7719	-36.7748	
231	40	1.5	45.8033	45.8033	-38.6596	
231	42	1.5	44.6745	44.6745	-45.3253	
231	44	1.5	39.1407	39.1407	-40.0053	
231	46	1.5	44.9819	44.9819	-46.3465	
231	48	1.5	44.1483	44.1483	-47.6885	
231	50	1.5	44.5812	44.5812	-39.4453	
231	52	1.5	46.2079	46.2079	-46.6404	
231	54	1.5	37.7804	37.7804	-39.103	
231	56	1.5	40.9397	40.9397	-39.616	
231	58	1.5	45.2601	45.2601	-44.3642	
231	60	1.5	35.6488	35.6488	-32.7149	
231	62	1.5	40.0259	40.0259	-37.3646	
231	64	1.5	42.4688	42.4688	-43.1232	
231	66	1.5	43.4221	43.4221	-36.899	
231	68	1.5	40.6961	40.6961	-45.9574	
231	70	1.5	38.9921	38.9921	-35.9125	
231	72	1.5	41.4517	41.4517	-47.8127	
231	74	1.5	41.3894	41.3894	-37.6137	
231	76	1.5	46.512	46.512	-38.5389	
231	78	1.5	46.5576	46.5576	-50.726	
231	80	1.5	44.5006	44.5006	-40.4411	
231	82	1.5	47.8354	47.8354	-46.4685	
231	84	1.5	42.1221	42.1221	-43.9206	
231	86	1.5	35.3658	35.3658	-38.6992	
231	88	1.5	37.8366	37.8366	-46.3233	
231	90	1.5	35.1652	35.1652	-40.8377	
231	92	1.5	39.2933	39.2933	-51.1421	
231	94	1.5	33.1161	33.1161	-46.0575	
231	96	1.5	43.3532	43.3532	-39.2366	
231	98	1.5	44.6477	44.6477	-43.1319	
231	100	1.5	42.1403	42.1403	-38.1798	
238	0	1.5	40.3469	40.3469	-40.0517	
238	2	1.5	44.1957	44.1957	-35.4105	
238	4	1.5	45.9867	45.9867	-36.0174	
238	6	1.5	32.5578	32.5578	-41.6052	
238	8	1.5	37.2378	37.2378	-39.8319	
238	10	1.5	45.6219	45.6219	-37.1544	
238	12	1.5	41.1404	41.1404	-33.1331	
238	14	1.5	44.4657	44.4657	-46.4564	
238	16	1.5	34.8399	34.8399	-46.6386	
238	18	1.5	49.2098	49.2098	-42.3852	
238	20	1.5	43.0795	43.0795	-38.6634	
238	22	1.5	42.849	42.849	-43.7651	
238	24	1.5	44.4785	44.4785	-38.4376	
238	26	1.5	34.3441	34.3441	-43.6152	
238	28	1.5	28.9409	28.9409	-40.2112	
238	30	1.5	39.3189	39.3189	-40.3118	
238	32	1.5	39.2319	39.2319	-42.183	
238	34	1.5	39.4701	39.4701	-41.6927	
238	36	1.5	38.3112	38.3112	-46.3016	
238	38	1.5	43.3604	43.3604	-36.2138	
238	40	1.5	40.0076	40.0076	-43.5628	
238	42	1.5	43.3087	43.3087	-43.5418	
238	44	1.5	42.6206	42.6206	-43.9827	
238	46	1.5	34.7006	34.7006	-36.8777	
238	48	1.5	41.5632	41.5632	-36.3169	
238	50	1.5	40.4116	40.4116	-50.2892	
238	52	1.5	39.1174	39.1174	-46.6505	
238	54	1.5	42.3702	42.3702	-46.9061	
238	56	1.5	40.3177	40.3177	-47.2804	
238	58	1.5	42.8729	42.8729	-39.9102	
238	60	1.5	43.9456	43.9456	-45.7059	
238	62	1.5	36.3879	36.3879	-49.5998	
238	64	1.5	43.2192	43.2192	-41.2336	
238	66	1.5	42.2953	42.2953	-52.1544	
238	68	1.5	45.2038	45.2038	-35.2432	
238	70	1.5	39.5228	39.5228	-43.3488	
238	72	1.5	41.9726	41.9726	-48.5227	
238	74	1.5	35.2263	35.2263	-46.517	
238	76	1.5	41.0425	41.0425	-42.5269	
238	78	1.5	48.7942	48.7942	-46.1567	
238	80	1.5	44.0604	44.0604	-47.9877	
238	82	1.5	39.9165	39.9165	-47.8045	
238	84	1.5	37.6131	37.6131	-40.3522	
238	86	1.5	41.6984	41.6984	-37.927	
238	88	1.5	42.9838	42.9838	-44.9845	
238	90	1.5	39.1076	39.1076	-42.0398	
238	92	1.5	39.2582	39.2582	-42.138	
238	94	1.5	51.8158	51.8158	-41.9718	
238	96	1.5	33.6703	33.6703	-33.8681	
238	98	1.5	38.4797	38.4797	-37.7909	
238	100	1.5	41.7242	41.7242	-44.8828	
245	0	1.5	38.5063	38.5063	-39.2538	
245	2	1.5	45.1616	45.1616	-42.2401	
245	4	1.5	30.9356	30.9356	-51.5238	
245	6	1.5	45.3157	45.3157	-40.8767	
245	8	1.5	38.6504	38.6504	-44.4327	
245	10	1.5	42.3935	42.3935	-40.4968	
245	12	1.5	41.3749	41.3749	-43.1059	
245	14	1.5	38.9196	38.9196	-41.6197	
245	16	1.5	40.6968	40.6968	-44.0424	
245	18	1.5	50.0305	50.0305	-43.1677	
245	20	1.5	36.6244	36.6244	-47.1228	
245	22	1.5	39.8827	39.8827	-44.51	
245	24	1.5	35.6657	35.6657	-43.8182	
245	26	1.5	41.9218	41.9218	-33.7983	
245	28	1.5	35.2662	35.2662	-40.743	
245	30	1.5	32.9601	32.9601	-49.4032	
245	32	1.5	33.6586	33.6586	-36.0336	
245	34	1.5	40.8268	40.8268	-58.0727	
245	36	1.5	39.3126	39.3126	-41.1116	
245	38	1.5	39.2928	39.2928	-35.6459	
245	40	1.5	39.8614	39.8614	-39.8259	
245	42	1.5	41.1072	41.1072	-40.9937	
245	44	1.5	45.2874	45.2874	-46.6348	
245	46	1.5	46.5422	46.5422	-40.5184	
245	48	1.5	49.7769	49.7769	-40.3743	
245	50	1.5	42.8228	42.8228	-44.4811	
245	52	1.5	39.9382	39.9382	-35.8857	
245	54	1.5	38.7771	38.7771	-46.4955	
245	56	1.5	37.6438	37.6438	-46.4082	
245	58	1.5	41.3915	41.3915	-45.1066	
245	60	1.5	36.5336	36.5336	-40.7677	
245	62	1.5	47.0696	47.0696	-42.046	
245	64	1.5	44.2307	44.2307	-40.5785	
245	66	1.5	40.0766	40.0766	-42.8115	
245	68	1.5	36.1613	36.1613	-45.2324	
245	70	1.5	38.8577	38.8577	-37.7566	
245	72	1.5	50.6231	50.6231	-40.2616	
245	74	1.5	45.9249	45.9249	-42.2563	
245	76	1.5	31.1263	31.1263	-43.117	
245	78	1.5	43.8535	43.8535	-42.5503	
245	80	1.5	43.2088	43.2088	-42.1098	
245	82	1.5	44.9246	44.9246	-46.1777	
245	84	1.5	40.0143	40.0143	-38.4258	
245	86	1.5	36.3828	36.3828	-40.2567	
245	88	1.5	48.745	48.745	-38.8714	
245	90	1.5	37.86	37.86	-45.4332	
245	92	1.5	46.1747	46.1747	-43.8662	
245	94	1.5	44.3069	44.3069	-44.369	
245	96	1.5	45.7266	45.7266	-33.3017	
245	98	1.5	39.5492	39.5492	-43.4478	
245	100	1.5	50.0492	50.0492	-42.5317	
252	0	1.5	43.915	43.915	-37.7177	
252	2	1.5	46.9873	46.9873	-47.0362	
252	4	1.5	39.7217	39.7217	-46.4217	
252	6	1.5	37.6612	37.6612	-47.8148	
252	8	1.5	43.9108	43.9108	-38.0804	
252	10	1.5	41.2968	41.2968	-43.083	
252	12	1.5	40.3807	40.3807	-40.4231	
252	14	1.5	45.7218	45.7218	-38.8131	
252	16	1.5	36.6104	36.6104	-39.4114	
252	18	1.5	46.0264	46.0264	-39.0378	
252	20	1.5	35.8623	35.8623	-41.6809	
252	22	1.5	43.2947	43.2947	-44.2628	
252	24	1.5	38.7187	38.7187	-42.4231	
252	26	1.5	36.305	36.305	-37.3995	
252	28	1.5	35.9336	35.9336	-44.7984	
252	30	1.5	37.2569	37.2569	-44.6982	
252	32	1.5	43.3642	43.3642	-43.4403	
252	34	1.5	45.9524	45.9524	-29.2001	
252	36	1.5	33.6182	33.6182	-43.7634	
252	38	1.5	42.263	42.263	-46.4455	
252	40	1.5	38.911	38.911	-41.0927	
252	42	1.5	46.0726	46.0726	-39.0257	
252	44	1.5	43.6079	43.6079	-41.0768	
252	46	1.5	40.0763	40.0763	-44.6545	
252	48	1.5	39.4121	39.4121	-48.0799	
252	50	1.5	42.3327	42.3327	-46.3982	
252	52	1.5	34.4883	34.4883	-46.9547	
252	54	1.5	39.927	39.927	-41.2651	
252	56	1.5	35.6835	35.6835	-40.0462	
252	58	1.5	35.7503	35.7503	-40.6522	
252	60	1.5	36.1629	36.1629	-36.6193	
252	62	1.5	47.7709	47.7709	-40.8534	
252	64	1.5	41.0638	41.0638	-48.9704	
252	66	1.5	44.0515	44.0515	-41.9486	
252	68	1.5	38.0694	38.0694	-37.1207	
252	70	1.5	45.2669	45.2669	-47.2313	
252	72	1.5	38.8801	38.8801	-48.4402	
252	74	1.5	48.3752	48.3752	-40.1909	
252	76	1.5	45.1038	45.1038	-38.0496	
252	78	1.5	39.5425	39.5425	-42.2828	
252	80	1.5	38.8481	38.8481	-40.7132	
252	82	1.5	47.2464	47.2464	-39.5712	
252	84	1.5	39.1867	39.1867	-46.6023	
252	86	1.5	54.0855	54.0855	-48.4287	
252	88	1.5	39.2409	39.2409	-45.3514	
252	90	1.5	39.0708	39.0708	-44.0751	
252	92	1.5	40.0129	40.0129	-44.9417	
252	94	1.5	41.2208	41.2208	-31.4395	
252	96	1.5	44.9284	44.9284	-41.7783	
252	98	1.5	31.7551	31.7551	-42.657	
252	100	1.5	42.2145	42.2145	-45.2163	
259	0	1.5	33.0358	33.0358	-45.9455	
259	2	1.5	39.3066	39.3066	-44.015	
259	4	1.5	38.2863	38.2863	-42.6986	
259	6	1.5	39.7671	39.7671	-44.8726	
259	8	1.5	37.8713	37.8713	-45.1331	
259	10	1.5	39.3116	39.3116	-49.5972	
259	12	1.5	43.1648	43.1648	-36.9343	
259	14	1.5	44.7466	44.7466	-47.0057	
259	16	1.5	41.675	41.675	-37.2862	
259	18	1.5	40.9107	40.9107	-44.6079	
259	20	1.5	39.4022	39.4022	-39.4345	
259	22	1.5	37.111	37.111	-36.1714	
259	24	1.5	37.2906	37.2906	-39.6743	
259	26	1.5	42.9494	42.9494	-40.0465	
259	28	1.5	40.2908	40.2908	-43.9984	
259	30	1.5	37.4436	37.4436	-42.3739	
259	32	1.5	35.1981	35.1981	-46.36	
259	34	1.5	37.3899	37.3899	-42.2583	
259	36	1.5	37.2353	37.2353	-39.6952	
259	38	1.5	43.096	43.096	-47.0949	
259	40	1.5	43.3687	43.3687	-49.0583	
259	42	1.5	35.8634	35.8634	-43.7985	
259	44	1.5	46.4171	46.4171	-42.9092	
259	46	1.5	38.2444	38.2444	-38.3701	
259	48	1.5	42.6972	42.6972	-39.3013	
259	50	1.5	37.5691	37.5691	-42.3234	
259	52	1.5	42.5567	42.5567	-40.1412	
259	54	1.5	35.1785	35.1785	-49.8722	
259	56	1.5	42.3076	42.3076	-39.4847	
259	58	1.5	37.5362	37.5362	-43.7453	
259	60	1.5	35.278	35.278	-42.8851	
259	62	1.5	37.5262	37.5262	-40.937	
259	64	1.5	46.0301	46.0301	-42.7601	
259	66	1.5	39.3431	39.3431	-49.0556	
259	68	1.5	40.3774	40.3774	-41.3505	
259	70	1.5	36.3966	36.3966	-40.9903	
259	72	1.5	48.1221	48.1221	-41.4307	
259	74	1.5	51.3447	51.3447	-33.4292	
259	76	1.5	48.2371	48.2371	-48.1522	
259	78	1.5	35.7668	35.7668	-42.0793	
259	80	1.5	35.3856	35.3856	-45.8403	
259	82	1.5	35.1234	35.1234	-45.1102	
259	84	1.5	38.7036	38.7036	-34.6412	
259	86	1.5	42.567	42.567	-37.7893	
259	88	1.5	45.1903	45.1903	-38.8134	
259	90	1.5	35.867	35.867	-46.6548	
259	92	1.5	38.0297	38.0297	-46.305	
259	94	1.5	36.2333	36.2333	-38.1325	
259	96	1.5	40.6951	40.6951	-44.5204	
259	98	1.5	38.0637	38.0637	-37.9033	
259	100	1.5	44.2416	44.2416	-45.191	
266	0	1.5	38.6305	38.6305	-43.7822	
266	2	1.5	36.4778	36.4778	-44.1561	
266	4	1.5	39.3896	39.3896	-48.2309	
266	6	1.5	32.0222	32.0222	-48.4681	
266	8	1.5	34.0857	34.0857	-38.8564	
266	10	1.5	38.8374	38.8374	-45.7882	
266	12	1.5	45.1357	45.1357	-40.4248	
266	14	1.5	39.2573	39.2573	-48.5054	
266	16	1.5	43.5052	43.5052	-42.0241	
266	18	1.5	33.7957	33.7957	-37.3544	
266	20	1.5	30.5257	30.5257	-47.6395	
266	22	1.5	35.6513	35.6513	-36.0972	
266	24	1.5	38.7075	38.7075	-43.4979	
266	26	1.5	36.7421	36.7421	-44.691	
266	28	1.5	43.9877	43.9877	-49.0347	
266	30	1.5	47.7158	47.7158	-39.8236	
266	32	1.5	46.4094	46.4094	-39.6362	
266	34	1.5	44.3444	44.3444	-51.8782	
266	36	1.5	45.0742	45.0742	-38.8303	
266	38	1.5	41.3	41.3	-40.1997	
266	40	1.5	39.2213	39.2213	-43.9247	
266	42	1.5	41.9743	41.9743	-47.1301	
266	44	1.5	39.9806	39.9806	-49.4537	
266	46	1.5	36.6223	36.6223	-43.9285	
266	48	1.5	46.5785	46.5785	-40.6116	
266	50	1.5	45.0011	45.0011	-44.1065	
266	52	1.5	41.2888	41.2888	-40.3726	
266	54	1.5	43.8801	43.8801	-48.4694	
266	56	1.5	42.0664	42.0664	-41.0324	
266	58	1.5	44.9666	44.9666	-45.1501	
266	60	1.5	41.2442	41.2442	-39.6659	
266	62	1.5	40.2971	40.2971	-37.3128	
266	64	1.5	44.6775	44.6775	-48.1259	
266	66	1.5	37.0524	37.0524	-40.144	
266	68	1.5	35.3176	35.3176	-47.4069	
266	70	1.5	43.6779	43.6779	-41.4485	
266	72	1.5	37.7607	37.7607	-54.4834	
266	74	1.5	43.794	43.794	-37.1067	
266	76	1.5	35.6554	35.6554	-34.5692	
266	78	1.5	39.2196	39.2196	-40.0945	
266	80	1.5	39.7382	39.7382	-45.9328	
266	82	1.5	38.3189	38.3189	-37.8159	
266	84	1.5	33.5277	33.5277	-44.4785	
266	86	1.5	45.3942	45.3942	-45.4483	
266	88	1.5	40.2951	40.2951	-41.7152	
266	90	1.5	33.8196	33.8196	-38.4473	
266	92	1.5	37.498	37.498	-48.1903	
266	94	1.5	37.4593	37.4593	-38.8902	
266	96	1.5	42.7542	42.7542	-45.3763	
266	98	1.5	42.984	42.984	-44.4214	
266	100	1.5	41.5019	41.5019	-44.6234	
273	0	1.5	43.4025	43.4025	-43.0294	
273	2	1.5	35.2198	35.2198	-49.1203	
273	4	1.5	38.0793	38.0793	-41.5877	
273	6	1.5	37.1911	37.1911	-39.4762	
273	8	1.5	42.3618	42.3618	-42.9193	
273	10	1.5	36.6836	36.6836	-42.931	
273	12	1.5	41.3193	41.3193	-44.2216	
273	14	1.5	34.7347	34.7347	-42.3995	
273	16	1.5	42.6487	42.6487	-40.3477	
273	18	1.5	43.2673	43.2673	-47.3713	
273	20	1.5	35.4017	35.4017	-48.3249	
273	22	1.5	46.9986	46.9986	-45.1874	
273	24	1.5	40.7143	40.7143	-46.8585	
273	26	1.5	45.7813	45.7813	-46.1017	
273	28	1.5	39.5264	39.5264	-51.0659	
273	30	1.5	36.0324	36.0324	-48.7058	
273	32	1.5	42.4583	42.4583	-47.2871	
273	34	1.5	39.0434	39.0434	-47.8839	
273	36	1.5	48.3083	48.3083	-37.3045	
273	38	1.5	46.1245	46.1245	-38.1811	
273	40	1.5	42.0725	42.0725	-42.8376	
273	42	1.5	35.0667	35.0667	-43.7943	
273	44	1.5	44.1947	44.1947	-51.1803	
273	46	1.5	41.0887	41.0887	-48.3461	
273	48	1.5	33.4688	33.4688	-40.3983	
273	50	1.5	38.3621	38.3621	-53.8153	
273	52	1.5	43.2347	43.2347	-33.8441	
273	54	1.5	34.1024	34.1024	-43.627	
273	56	1.5	38.218	38.218	-36.6866	
273	58	1.5	46.1318	46.1318	-40.3409	
273	60	1.5	41.9648	41.9648	-34.8439	
273	62	1.5	42.7533	42.7533	-39.0742	
273	64	1.5	40.1406	40.1406	-40.8382	
273	66	1.5	32.7562	32.7562	-43.0455	
273	68	1.5	35.8416	35.8416	-43.4459	
273	70	1.5	41.1744	41.1744	-42.3984	
273	72	1.5	45.155	45.155	-43.0353	
273	74	1.5	42.5206	42.5206	-44.8858	
273	76	1.5	36.9787	36.9787	-38.6702	
273	78	1.5	35.1308	35.1308	-40.8816	
273	80	1.5	50.0055	50.0055	-44.4605	
273	82	1.5	33.1371	33.1371	-38.5136	
273	84	1.5	36.9463	36.9463	-40.5221	
273	86	1.5	44.3685	44.3685	-40.4978	
273	88	1.5	37.016	37.016	-35.0724	
273	90	1.5	42.4247	42.4247	-42.0627	
273	92	1.5	37.1826	37.1826	-44.365	
273	94	1.5	36.9469	36.9469	-49.8794	
273	96	1.5	42.7901	42.7901	-38.3066	
273	98	1.5	35.9895	35.9895	-44.635	
273	100	1.5	40.1468	40.1468	-50.2167	
280	0	1.5	37.5429	37.5429	-51.0568	
280	2	1.5	38.4602	38.4602	-53.8356	
280	4	1.5	44.4982	44.4982	-48.945	
280	6	1.5	40.1432	40.1432	-43.4961	
280	8	1.5	44.7883	44.7883	-41.8217	
280	10	1.5	40.7372	40.7372	-43.6361	
280	12	1.5	39.7458	39.7458	-49.3199	
280	14	1.5	42.5075	42.5075	-52.5452	
280	16	1.5	40.8134	40.8134	-44.0486	
280	18	1.5	38.6485	38.6485	-49.5999	
280	20	1.5	41.5839	41.5839	-43.2964	
280	22	1.5	35.099	35.099	-44.2156	
280	24	1.5	38.2719	38.2719	-55.1203	
280	26	1.5	36.6186	36.6186	-42.3639	
280	28	1.5	31.9615	31.9615	-47.2606	
280	30	1.5	42.3301	42.3301	-50.1332	
280	32	1.5	37.5293	37.5293	-52.4352	
280	34	1.5	44.1323	44.1323	-47.041	
280	36	1.5	31.9609	31.9609	-44.2365	
280	38	1.5	42.1224	42.1224	-47.9172	
280	40	1.5	30.5105	30.5105	-39.5753	
280	42	1.5	40.6476	40.6476	-41.9509	
280	44	1.5	35.4938	35.4938	-43.9723	
280	46	1.5	46.77	46.77	-47.5241	
280	48	1.5	39.278	39.278	-45.6956	
280	50	1.5	36.2908	36.2908	-39.2224	
280	52	1.5	36.3577	36.3577	-42.6576	
280	54	1.5	42.209	42.209	-47.0206	
280	56	1.5	26.9866	26.9866	-41.7753	
280	58	1.5	44.548	44.548	-46.2628	
280	60	1.5	41.4911	41.4911	-43.2911	
280	62	1.5	38.3626	38.3626	-44.6006	
280	64	1.5	36.9503	36.9503	-48.1487	
280	66	1.5	48.5102	48.5102	-47.8712	
280	68	1.5	40.4312	40.4312	-40.6209	
280	70	1.5	39.9531	39.9531	-43.7304	
280	72	1.5	40.3993	40.3993	-46.4257	
280	74	1.5	34.1085	34.1085	-45.2654	
280	76	1.5	38.3156	38.3156	-37.1169	
280	78	1.5	41.6387	41.6387	-39.794	
280	80	1.5	41.3716	41.3716	-41.9462	
280	82	1.5	34.7921	34.7921	-45.0989	
280	84	1.5	35.1675	35.1675	-44.2724	
280	86	1.5	39.9365	39.9365	-43.7373	
280	88	1.5	43.2785	43.2785	-40.8496	
280	90	1.5	44.2956	44.2956	-45.0476	
280	92	1.5	41.1159	41.1159	-38.9739	
280	94	1.5	34.4271	34.4271	-37.5828	
280	96	1.5	32.0255	32.0255	-46.1223	
280	98	1.5	43.4253	43.4253	-37.0091	
280	100	1.5	43.1362	43.1362	-43.6477	
287	0	1.5	34.9726	34.9726	-41.282	
287	2	1.5	38.3347	38.3347	-42.0645	
287	4	1.5	34.869	34.869	-42.8091	
287	6	1.5	35.4032	35.4032	-46.74	
287	8	1.5	41.8414	41.8414	-43.7343	
287	10	1.5	41.7232	41.7232	-49.4128	
287	12	1.5	38.3604	38.3604	-41.6477	
287	14	1.5	49.4892	49.4892	-44.8782	
287	16	1.5	37.1998	37.1998	-53.9432	
287	18	1.5	40.5311	40.5311	-40.7401	
287	20	1.5	37.371	37.371	-45.1772	
287	22	1.5	34.0102	34.0102	-49.2998	
287	24	1.5	46.2382	46.2382	-51.146	
287	26	1.5	40.4688	40.4688	-43.1739	
287	28	1.5	35.9527	35.9527	-42.9399	
287	30	1.5	29.8703	29.8703	-43.2341	
287	32	1.5	43.8475	43.8475	-46.1946	
287	34	1.5	38.5003	38.5003	-44.3816	
287	36	1.5	35.3151	35.3151	-38.9256	
287	38	1.5	37.9917	37.9917	-46.3264	
287	40	1.5	37.2733	37.2733	-39.8798	
287	42	1.5	45.1933	45.1933	-39.8709	
287	44	1.5	35.8089	35.8089	-40.8868	
287	46	1.5	42.2897	42.2897	-45.9403	
287	48	1.5	35.9615	35.9615	-49.9942	
287	50	1.5	38.534	38.534	-48.4851	
287	52	1.5	38.4797	38.4797	-36.0898	
287	54	1.5	35.2727	35.2727	-43.5646	
287	56	1.5	39.6941	39.6941	-43.1536	
287	58	1.5	40.6029	40.6029	-45.0289	
287	60	1.5	36.8491	36.8491	-45.1037	
287	62	1.5	39.818	39.818	-45.2493	
287	64	1.5	37.9419	37.9419	-44.2469	
287	66	1.5	35.7834	35.7834	-46.1772	
287	68	1.5	34.0961	34.0961	-42.8805	
287	70	1.5	40.5664	40.5664	-46.2748	
287	72	1.5	40.2328	40.2328	-42.9162	
287	74	1.5	37.706	37.706	-48.3517	
287	76	1.5	37.9836	37.9836	-40.2528	
287	78	1.5	33.8056	33.8056	-44.5269	
287	80	1.5	39.807	39.807	-45.8107	
287	82	1.5	39.5134	39.5134	-40.7605	
287	84	1.5	39.1542	39.1542	-40.557	
287	86	1.5	41.1235	41.1235	-46.4106	
287	88	1.5	43.6367	43.6367	-44.3638	
287	90	1.5	37.1983	37.1983	-46.706	
287	92	1.5	46.3013	46.3013	-43.9018	
287	94	1.5	46.7339	46.7339	-44.7389	
287	96	1.5	41.3995	41.3995	-40.4981	
287	98	1.5	38.3882	38.3882	-48.1524	
287	100	1.5	38.6182	38.6182	-43.7315	
294	0	1.5	34.1781	34.1781	-44.9274	
294	2	1.5	38.0217	38.0217	-39.6984	
294	4	1.5	39.2524	39.2524	-41.2227	
294	6	1.5	40.4837	40.4837	-48.4856	
294	8	1.5	36.2603	36.2603	-42.7075	
294	10	1.5	39.5535	39.5535	-51.6464	
294	12	1.5	39.7115	39.7115	-38.9611	
294	14	1.5	37.7208	37.7208	-46.9318	
294	16	1.5	34.736	34.736	-47.7847	
294	18	1.5	43.3583	43.3583	-50.5767	
294	20	1.5	38.3101	38.3101	-47.9219	
294	22	1.5	45.7178	45.7178	-44.5333	
294	24	1.5	34.5253	34.5253	-48.2896	
294	26	1.5	39.4953	39.4953	-50.5963	
294	28	1.5	42.8421	42.8421	-41.1797	
294	30	1.5	37.7793	37.7793	-44.6041	
294	32	1.5	42.2296	42.2296	-48.5369	
294	34	1.5	39.8029	39.8029	-47.4685	
294	36	1.5	39.1731	39.1731	-50.7234	
294	38	1.5	39.2488	39.2488	-46.8218	
294	40	1.5	44.5851	44.5851	-42.3286	
294	42	1.5	39.6909	39.6909	-39.9986	
294	44	1.5	38.024	38.024	-45.1224	
294	46	1.5	34.2133	34.2133	-46.6281	
294	48	1.5	46.4356	46.4356	-40.9775	
294	50	1.5	46.2661	46.2661	-52.1104	
294	52	1.5	36.2806	36.2806	-38.6579	
294	54	1.5	33.5626	33.5626	-45.5136	
294	56	1.5	35.5643	35.5643	-47.1241	
294	58	1.5	35.3764	35.3764	-39.5835	
294	60	1.5	37.0779	37.0779	-45.4896	
294	62	1.5	39.9247	39.9247	-52.6576	
294	64	1.5	42.4484	42.4484	-42.7236	
294	66	1.5	40.9792	40.9792	-48.9649	
294	68	1.5	36.5517	36.5517	-40.9587	
294	70	1.5	34.4429	34.4429	-47.9547	
294	72	1.5	46.4014	46.4014	-49.4084	
294	74	1.5	48.9682	48.9682	-43.3797	
294	76	1.5	37.8153	37.8153	-53.4017	
294	78	1.5	39.559	39.559	-44.7942	
294	80	1.5	36.2212	36.2212	-44.193	
294	82	1.5	40.4175	40.4175	-45.2541	
294	84	1.5	38.0843	38.0843	-38.2136	
294	86	1.5	47.5264	47.5264	-37.2451	
294	88	1.5	38.5996	38.5996	-50.3834	
294	90	1.5	32.4017	32.4017	-43.0755	
294	92	1.5	37.6613	37.6613	-41.7231	
294	94	1.5	41.4092	41.4092	-37.047	
294	96	1.5	44.1353	44.1353	-42.4332	
294	98	1.5	41.5814	41.5814	-46.5352	
294	100	1.5	34.0218	34.0218	-43.1805	
301	0	1.5	38.581	38.581	-47.3615	
301	2	1.5	37.2747	37.2747	-43.4479	
301	4	1.5	43.2104	43.2104	-43.5309	
301	6	1.5	41.9518	41.9518	-44.2082	
301	8	1.5	43.8683	43.8683	-42.8462	
301	10	1.5	37.1898	37.1898	-46.2869	
301	12	1.5	34.6584	34.6584	-42.6622	
301	14	1.5	35.471	35.471	-42.1387	
301	16	1.5	40.397	40.397	-46.1422	
301	18	1.5	35.2786	35.2786	-42.0285	
301	20	1.5	39.9494	39.9494	-44.5954	
301	22	1.5	33.263	33.263	-43.8301	
301	24	1.5	33.5992	33.5992	-46.9065	
301	26	1.5	30.5588	30.5588	-50.7262	
301	28	1.5	39.4908	39.4908	-44.5236	
301	30	1.5	34.7809	34.7809	-41.6607	
301	32	1.5	39.5877	39.5877	-48.4486	
301	34	1.5	39.6882	39.6882	-49.2363	
301	36	1.5	43.3525	43.3525	-51.098	
301	38	1.5	42.7159	42.7159	-48.9089	
301	40	1.5	31.6731	31.6731	-44.6418	
301	42	1.5	38.0526	38.0526	-48.3189	
301	44	1.5	33.4858	33.4858	-45.0059	
301	46	1.5	46.279	46.279	-40.8723	
301	48	1.5	41.1814	41.1814	-40.8182	
301	50	1.5	38.6419	38.6419	-51.5873	
301	52	1.5	37.6118	37.6118	-44.561	
301	54	1.5	39.2438	39.2438	-45.2148	
301	56	1.5	41.2626	41.2626	-47.9239	
301	58	1.5	45.4674	45.4674	-51.3542	
301	60	1.5	44.1638	44.1638	-50.8062	
301	62	1.5	39.2726	39.2726	-45.7449	
301	64	1.5	34.3506	34.3506	-41.9513	
301	66	1.5	32.9648	32.9648	-41.8625	
301	68	1.5	39.7049	39.7049	-48.3819	
301	70	1.5	34.2427	34.2427	-42.2513	
301	72	1.5	32.6351	32.6351	-42.0463	
301	74	1.5	38.5548	38.5548	-52.7743	
301	76	1.5	36.8385	36.8385	-50.19	
301	78	1.5	40.6328	40.6328	-45.3579	
301	80	1.5	40.2412	40.2412	-41.8804	
301	82	1.5	42.2675	42.2675	-49.4045	
301	84	1.5	39.5033	39.5033	-46.9303	
301	86	1.5	43.331	43.331	-40.9605	
301	88	1.5	28.865	28.865	-46.7219	
301	90	1.5	44.6762	44.6762	-45.0813	
301	92	1.5	43.8897	43.8897	-51.5164	
301	94	1.5	39.6832	39.6832	-50.8542	
301	96	1.5	43.0693	43.0693	-42.3545	
301	98	1.5	33.3933	33.3933	-42.504	
301	100	1.5	40.3114	40.3114	-46.8519	
308	0	1.5	41.1365	41.1365	-48.6503	
308	2	1.5	32.0454	32.0454	-42.2657	
308	4	1.5	40.1054	40.1054	-42.8953	
308	6	1.5	35.6546	35.6546	-45.1276	
308	8	1.5	37.1763	37.1763	-48.4574	
308	10	1.5	35.8708	35.8708	-49.3167	
308	12	1.5	35.5022	35.5022	-45.5473	
308	14	1.5	39.3983	39.3983	-46.2864	
308	16	1.5	39.0885	39.0885	-41.3655	
308	18	1.5	36.0332	36.0332	-56.3086	
308	20	1.5	35.2518	35.2518	-41.6316	
308	22	1.5	35.9485	35.9485	-44.246	
308	24	1.5	37.1778	37.1778	-45.8604	
308	26	1.5	34.5242	34.5242	-46.4669	
308	28	1.5	38.1553	38.1553	-55.1951	
308	30	1.5	43.6422	43.6422	-46.5589	
308	32	1.5	33.6649	33.6649	-45.9225	
308	34	1.5	43.0115	43.0115	-50.8108	
308	36	1.5	43.7433	43.7433	-43.3359	
308	38	1.5	34.1926	34.1926	-37.1645	
308	40	1.5	34.8426	34.8426	-41.8146	
308	42	1.5	32.9205	32.9205	-43.4769	
308	44	1.5	44.2035	44.2035	-42.8254	
308	46	1.5	36.5117	36.5117	-45.0231	
308	48	1.5	40.8774	40.8774	-43.5202	
308	50	1.5	35.4577	35.4577	-40.2356	
308	52	1.5	43.7184	43.7184	-44.8924	
308	54	1.5	31.9378	31.9378	-45.6406	
308	56	1.5	35.7845	35.7845	-38.7304	
308	58	1.5	40.1278	40.1278	-44.2865	
308	60	1.5	38.0431	38.0431	-50.3468	
308	62	1.5	44.1108	44.1108	-48.3369	
308	64	1.5	33.3898	33.3898	-47.1944	
308	66	1.5	41.5636	41.5636	-42.4516	
308	68	1.5	37.8614	37.8614	-41.425	
308	70	1.5	47.2479	47.2479	-41.1988	
308	72	1.5	32.0263	32.0263	-45.174	
308	74	1.5	34.0439	34.0439	-45.7931	
308	76	1.5	40.2389	40.2389	-40.6598	
308	78	1.5	35.5557	35.5557	-43.4484	
308	80	1.5	46.8237	46.8237	-40.782	
308	82	1.5	45.109	45.109	-47.8012	
308	84	1.5	37.6657	37.6657	-43.2229	
308	86	1.5	43.3404	43.3404	-40.1092	
308	88	1.5	36.5542	36.5542	-46.4381	
308	90	1.5	31.2975	31.2975	-48.6715	
308	92	1.5	37.5824	37.5824	-48.3522	
308	94	1.5	45.8328	45.8328	-42.0277	
308	96	1.5	35.261	35.261	-47.2316	
308	98	1.5	33.7797	33.7797	-48.479	
308	100	1.5	39.2545	39.2545	-47.9454	
315	0	1.5	37.064	37.064	-48.4526	
315	2	1.5	39.7596	39.7596	-40.4408	
315	4	1.5	36.8357	36.8357	-48.2428	
315	6	1.5	38.4195	38.4195	-45.5558	
315	8	1.5	41.3226	41.3226	-48.7273	
315	10	1.5	33.4769	33.4769	-50.4234	
315	12	1.5	38.1234	38.1234	-51.8029	
315	14	1.5	37.173	37.173	-42.03	
315	16	1.5	39.1425	39.1425	-45.3998	
315	18	1.5	38.7399	38.7399	-45.4075	
315	20	1.5	35.9225	35.9225	-38.5781	
315	22	1.5	33.8984	33.8984	-43.5832	
315	24	1.5	39.2262	39.2262	-40.6492	
315	26	1.5	39.3126	39.3126	-38.6311	
315	28	1.5	38.3082	38.3082	-46.9748	
315	30	1.5	32.9362	32.9362	-48.1287	
315	32	1.5	39.1105	39.1105	-45.9324	
315	34	1.5	32.3326	32.3326	-38.9326	
315	36	1.5	42.4328	42.4328	-45.9989	
315	38	1.5	38.6942	38.6942	-45.8431	
315	40	1.5	39.8806	39.8806	-50.2206	
315	42	1.5	35.9158	35.9158	-44.7128	
315	44	1.5	34.854	34.854	-52.4854	
315	46	1.5	40.6179	40.6179	-43.8642	
315	48	1.5	35.4143	35.4143	-42.6358	
315	50	1.5	39.9716	39.9716	-43.5334	
315	52	1.5	38.5028	38.5028	-45.5471	
315	54	1.5	37.8945	37.8945	-43.3966	
315	56	1.5	40.7642	40.7642	-40.1008	
315	58	1.5	46.0043	46.0043	-53.2562	
315	60	1.5	41.6307	41.6307	-41.3222	
315	62	1.5	33.5271	33.5271	-45.9081	
315	64	1.5	36.3731	36.3731	-44.1902	
315	66	1.5	42.2814	42.2814	-50.9443	
315	68	1.5	32.9961	32.9961	-41.6223	
315	70	1.5	37.6817	37.6817	-47.2134	
315	72	1.5	35.6607	35.6607	-42.3101	
315	74	1.5	38.5299	38.5299	-45.3952	
315	76	1.5	36.4193	36.4193	-38.8775	
315	78	1.5	32.7761	32.7761	-49.1796	
315	80	1.5	36.2249	36.2249	-46.5784	
315	82	1.5	42.5538	42.5538	-46.9794	
315	84	1.5	44.7557	44.7557	-42.3638	
315	86	1.5	38.044	38.044	-41.3411	
315	88	1.5	37.6274	37.6274	-44.6843	
315	90	1.5	31.1766	31.1766	-44.5409	
315	92	1.5	39.283	39.283	-41.7099	
315	94	1.5	41.7747	41.7747	-45.5554	
315	96	1.5	42.3294	42.3294	-41.5076	
315	98	1.5	38.7593	38.7593	-52.4941	
315	100	1.5	38.6115	38.6115	-43.3452	
322	0	1.5	28.2093	28.2093	-49.1424	
322	2	1.5	37.9312	37.9312	-50.9805	
322	4	1.5	40.9056	40.9056	-43.702	
322	6	1.5	31.3249	31.3249	-44.7979	
322	8	1.5	33.6204	33.6204	-50.0857	
322	10	1.5	35.8798	35.8798	-41.5118	
322	12	1.5	34.1019	34.1019	-48.2848	
322	14	1.5	40.196	40.196	-53.4562	
322	16	1.5	42.1401	42.1401	-55.1861	
322	18	1.5	38.0808	38.0808	-42.2702	
322	20	1.5	39.1842	39.1842	-44.4241	
322	22	1.5	46.0674	46.0674	-52.244	
322	24	1.5	39.9466	39.9466	-55.5642	
322	26	1.5	36.5092	36.5092	-43.6248	
322	28	1.5	37.347	37.347	-50.3762	
322	30	1.5	31.6972	31.6972	-44.8461	
322	32	1.5	37.297	37.297	-43.0771	
322	34	1.5	38.8688	38.8688	-45.6038	
322	36	1.5	34.1033	34.1033	-41.5871	
322	38	1.5	39.2484	39.2484	-40.8201	
322	40	1.5	39.0401	39.0401	-46.9198	
322	42	1.5	43.2853	43.2853	-47.8862	
322	44	1.5	37.3281	37.3281	-45.3518	
322	46	1.5	37.3245	37.3245	-50.7824	
322	48	1.5	48.0305	48.0305	-47.0326	
322	50	1.5	39.6737	39.6737	-51.7413	
322	52	1.5	41.0534	41.0534	-48.2625	
322	54	1.5	41.0857	41.0857	-50.5046	
322	56	1.5	34.2682	34.2682	-42.8188	
322	58	1.5	40.597	40.597	-51.5511	
322	60	1.5	31.6363	31.6363	-43.5575	
322	62	1.5	45.8112	45.8112	-48.4408	
322	64	1.5	41.0539	41.0539	-47.7749	
322	66	1.5	37.8363	37.8363	-42.7994	
322	68	1.5	34.2521	34.2521	-45.3621	
322	70	1.5	40.8508	40.8508	-39.5255	
322	72	1.5	36.5431	36.5431	-35.6083	
322	74	1.5	35.17	35.17	-39.0453	
322	76	1.5	34.5707	34.5707	-44.4747	
322	78	1.5	31.3202	31.3202	-45.7467	
322	80	1.5	39.0277	39.0277	-44.2572	
322	82	1.5	41.9303	41.9303	-50.3951	
322	84	1.5	35.8744	35.8744	-42.2037	
322	86	1.5	39.8334	39.8334	-47.7596	
322	88	1.5	42.1877	42.1877	-43.5813	
322	90	1.5	35.6278	35.6278	-48.6369	
322	92	1.5	31.9008	31.9008	-52.2399	
322	94	1.5	32.3533	32.3533	-48.4264	
322	96	1.5	38.6984	38.6984	-39.6389	
322	98	1.5	35.2294	35.2294	-39.2809	
322	100	1.5	36.6032	36.6032	-41.0203	
329	0	1.5	36.153	36.153	-39.7681	
329	2	1.5	38.8582	38.8582	-42.0762	
329	4	1.5	42.9616	42.9616	-49.4218	
329	6	1.5	39.1234	39.1234	-49.9001	
329	8	1.5	35.9557	35.9557	-41.6414	
329	10	1.5	33.7863	33.7863	-43.9538	
329	12	1.5	38.559	38.559	-49.9041	
329	14	1.5	33.3288	33.3288	-46.5952	
329	16	1.5	41.3249	41.3249	-38.9575	
329	18	1.5	35.9553	35.9553	-46.6451	
329	20	1.5	30.8168	30.8168	-39.2715	
329	22	1.5	41.4582	41.4582	-47.4919	
329	24	1.5	37.5835	37.5835	-43.5717	
329	26	1.5	44.3683	44.3683	-49.6204	
329	28	1.5	39.0275	39.0275	-47.3935	
329	30	1.5	34.5567	34.5567	-48.8343	
329	32	1.5	35.9323	35.9323	-47.3538	
329	34	1.5	42.3678	42.3678	-43.4296	
329	36	1.5	35.6879	35.6879	-49.1465	
329	38	1.5	43.2052	43.2052	-47.1308	
329	40	1.5	39.6262	39.6262	-46.0265	
329	42	1.5	42.7734	42.7734	-52.2102	
329	44	1.5	33.2608	33.2608	-45.7413	
329	46	1.5	36.1004	36.1004	-45.4751	
329	48	1.5	32.7705	32.7705	-44.3654	
329	50	1.5	24.8904	24.8904	-55.2809	
329	52	1.5	36.2373	36.2373	-49.2704	
329	54	1.5	39.5909	39.5909	-44.5685	
329	56	1.5	28.4728	28.4728	-53.1651	
329	58	1.5	37.3995	37.3995	-37.8148	
329	60	1.5	35.9612	35.9612	-38.541	
329	62	1.5	39.1367	39.1367	-50.143	
329	64	1.5	41.7218	41.7218	-45.1148	
329	66	1.5	42.8313	42.8313	-39.2213	
329	68	1.5	39.4927	39.4927	-46.5677	
329	70	1.5	35.8086	35.8086	-46.7952	
329	72	1.5	35.3486	35.3486	-42.7715	
329	74	1.5	35.8187	35.8187	-44.8992	
329	76	1.5	41.8939	41.8939	-54.5195	
329	78	1.5	34.92	34.92	-45.2347	
329	80	1.5	34.7885	34.7885	-43.9667	
329	82	1.5	37.0515	37.0515	-46.2194	
329	84	1.5	38.5966	38.5966	-48.2654	
329	86	1.5	41.3634	41.3634	-47.0643	
329	88	1.5	44.5211	44.5211	-50.9381	
329	90	1.5	39.7169	39.7169	-40.7643	
329	92	1.5	38.7419	38.7419	-40.9624	
329	94	1.5	32.4833	32.4833	-46.3818	
329	96	1.5	39.0329	39.0329	-44.4669	
329	98	1.5	37.0803	37.0803	-45.3228	
329	100	1.5	41.0572	41.0572	-42.3839	
336	0	1.5	35.0548	35.0548	-48.8987	
336	2	1.5	33.8244	33.8244	-55.8313	
336	4	1.5	32.3176	32.3176	-36.5455	
336	6	1.5	35.0135	35.0135	-45.3422	
336	8	1.5	28.6955	28.6955	-42.2513	
336	10	1.5	29.8804	29.8804	-45.7956	
336	12	1.5	36.7322	36.7322	-42.4528	
336	14	1.5	37.8154	37.8154	-52.2824	
336	16	1.5	39.45	39.45	-37.067	
336	18	1.5	44.4918	44.4918	-44.9868	
336	20	1.5	35.0399	35.0399	-49.0544	
336	22	1.5	43.8874	43.8874	-52.1645	
336	24	1.5	35.6739	35.6739	-47.1579	
336	26	1.5	36.9947	36.9947	-48.9994	
336	28	1.5	38.3025	38.3025	-50.272	
336	30	1.5	40.3081	40.3081	-47.0933	
336	32	1.5	38.7789	38.7789	-44.6003	
336	34	1.5	41.0219	41.0219	-50.9841	
336	36	1.5	30.6778	30.6778	-45.0726	
336	38	1.5	41.5413	41.5413	-47.6108	
336	40	1.5	30.2983	30.2983	-48.0396	
336	42	1.5	36.0471	36.0471	-39.979	
336	44	1.5	30.9527	30.9527	-45.7194	
336	46	1.5	43.3361	43.3361	-53.0323	
336	48	1.5	44.5724	44.5724	-47.8476	
336	50	1.5	29.1016	29.1016	-46.2801	
336	52	1.5	37.5018	37.5018	-48.5201	
336	54	1.5	42.6864	42.6864	-44.0355	
336	56	1.5	40.2433	40.2433	-41.9416	
336	58	1.5	35.2691	35.2691	-46.3077	
336	60	1.5	38.6694	38.6694	-45.6265	
336	62	1.5	31.709	31.709	-38.5876	
336	64	1.5	38.8972	38.8972	-47.4114	
336	66	1.5	36.5805	36.5805	-50.6821	
336	68	1.5	36.1457	36.1457	-51.924	
336	70	1.5	42.4004	42.4004	-42.7708	
336	72	1.5	37.1407	37.1407	-43.2476	
336	74	1.5	37.5061	37.5061	-42.563	
336	76	1.5	33.3108	33.3108	-45.1211	
336	78	1.5	36.4973	36.4973	-43.5572	
336	80	1.5	33.6485	33.6485	-43.5668	
336	82	1.5	38.267	38.267	-54.7321	
336	84	1.5	37.0036	37.0036	-46.6638	
336	86	1.5	27.5256	27.5256	-42.3981	
336	88	1.5	32.888	32.888	-37.578	
336	90	1.5	29.5383	29.5383	-43.856	
336	92	1.5	41.1064	41.1064	-38.0752	
336	94	1.5	39.4249	39.4249	-48.3758	
336	96	1.5	34.1949	34.1949	-50.5507	
336	98	1.5	41.0437	41.0437	-44.8636	
336	100	1.5	43.385	43.385	-47.6583	
343	0	1.5	36.7218	36.7218	-40.4175	
343	2	1.5	35.9092	35.9092	-51.5344	
343	4	1.5	37.3	37.3	-36.5664	
343	6	1.5	41.4537	41.4537	-47.6802	
343	8	1.5	37.1629	37.1629	-42.1155	
343	10	1.5	32.7474	32.7474	-53.9396	
343	12	1.5	42.0912	42.0912	-49.3046	
343	14	1.5	44.4936	44.4936	-43.6078	
343	16	1.5	38.2008	38.2008	-45.1422	
343	18	1.5	46.2031	46.2031	-45.9875	
343	20	1.5	37.9575	37.9575	-51.3873	
343	22	1.5	39.8186	39.8186	-49.4162	
343	24	1.5	31.3812	31.3812	-50.5807	
343	26	1.5	30.7677	30.7677	-45.5761	
343	28	1.5	38.9171	38.9171	-49.1528	
343	30	1.5	35.1919	35.1919	-53.3631	
343	32	1.5	32.3984	32.3984	-52.8459	
343	34	1.5	33.769	33.769	-42.5683	
343	36	1.5	30.5873	30.5873	-48.696	
343	38	1.5	35.481	35.481	-44.7137	
343	40	1.5	37.92	37.92	-49.4094	
343	42	1.5	35.3853	35.3853	-45.8015	
343	44	1.5	40.1087	40.1087	-50.8688	
343	46	1.5	41.9277	41.9277	-41.0495	
343	48	1.5	40.842	40.842	-41.482	
343	50	1.5	40.0226	40.0226	-50.8634	
343	52	1.5	36.8038	36.8038	-43.599	
343	54	1.5	34.9205	34.9205	-45.6547	
343	56	1.5	39.0813	39.0813	-46.5467	
343	58	1.5	33.4164	33.4164	-45.7528	
343	60	1.5	35.0667	35.0667	-41.9989	
343	62	1.5	35.0546	35.0546	-45.4098	
343	64	1.5	35.8273	35.8273	-47.3277	
343	66	1.5	34.0508	34.0508	-49.8863	
343	68	1.5	34.9764	34.9764	-53.1068	
343	70	1.5	35.1242	35.1242	-50.8825	
343	72	1.5	38.9075	38.9075	-38.394	
343	74	1.5	37.8609	37.8609	-49.3491	
343	76	1.5	37.0756	37.0756	-51.057	
343	78	1.5	44.1011	44.1011	-49.3691	
343	80	1.5	33.1387	33.1387	-52.2742	
343	82	1.5	27.4004	27.4004	-55.5214	
343	84	1.5	30.2212	30.2212	-50.2584	
343	86	1.5	38.5578	38.5578	-43.9115	
343	88	1.5	37.0163	37.0163	-44.1744	
343	90	1.5	40.4113	40.4113	-48.0986	
343	92	1.5	33.9692	33.9692	-40.1413	
343	94	1.5	38.3725	38.3725	-44.0926	
343	96	1.5	34.6024	34.6024	-38.8258	
343	98	1.5	38.5057	38.5057	-47.6573	
343	100	1.5	42.2664	42.2664	-47.2689	
350	0	1.5	38.7517	38.7517	-47.6725	
350	2	1.5	35.2789	35.2789	-48.1253	
350	4	1.5	35.668	35.668	-45.0546	
350	6	1.5	42.1345	42.1345	-40.8948	
350	8	1.5	36.6407	36.6407	-50.3571	
350	10	1.5	35.8338	35.8338	-46.8926	
350	12	1.5	37.5023	37.5023	-55.2139	
350	14	1.5	37.3873	37.3873	-51.3656	
350	16	1.5	40.6084	40.6084	-46.7997	
350	18	1.5	30.8608	30.8608	-52.5379	
350	20	1.5	28.9818	28.9818	-43.9637	
350	22	1.5	29.2245	29.2245	-50.7032	
350	24	1.5	39.6492	39.6492	-46.1159	
350	26	1.5	39.822	39.822	-47.2847	
350	28	1.5	34.4786	34.4786	-46.1092	
350	30	1.5	37.7265	37.7265	-46.7769	
350	32	1.5	37.6002	37.6002	-44.987	
350	34	1.5	34.5577	34.5577	-44.8035	
350	36	1.5	36.2981	36.2981	-42.7718	
350	38	1.5	36.3983	36.3983	-45.7312	
350	40	1.5	34.8038	34.8038	-43.8424	
350	42	1.5	38.4874	38.4874	-42.8502	
350	44	1.5	28.8704	28.8704	-50.4899	
350	46	1.5	30.0313	30.0313	-54.1336	
350	48	1.5	35.8127	35.8127	-47.5748	
350	50	1.5	40.4725	40.4725	-52.3009	
350	52	1.5	32.5239	32.5239	-49.4067	
350	54	1.5	35.7123	35.7123	-46.5222	
350	56	1.5	31.8351	31.8351	-47.9338	
350	58	1.5	37.4185	37.4185	-46.004	
350	60	1.5	34.2715	34.2715	-47.719	
350	62	1.5	36.3132	36.3132	-60.1192	
350	64	1.5	34.0917	34.0917	-53.3361	
350	66	1.5	36.1982	36.1982	-41.6637	
350	68	1.5	34.4608	34.4608	-41.649	
350	70	1.5	39.1707	39.1707	-44.0604	
350	72	1.5	27.3229	27.3229	-54.9017	
350	74	1.5	31.9535	31.9535	-50.714	
350	76	1.5	39.6526	39.6526	-44.015	
350	78	1.5	41.6064	41.6064	-35.3395	
350	80	1.5	36.9349	36.9349	-49.8635	
350	82	1.5	31.1134	31.1134	-47.0844	
350	84	1.5	40.6065	40.6065	-46.9932	
350	86	1.5	32.0443	32.0443	-57.4269	
350	88	1.5	38.5406	38.5406	-48.9884	
350	90	1.5	31.4842	31.4842	-44.6057	
350	92	1.5	38.056	38.056	-45.2911	
350	94	1.5	45.2074	45.2074	-47.7642	
350	96	1.5	32.462	32.462	-45.8767	
350	98	1.5	38.4318	38.4318	-42.6899	
350	100	1.5	38.5533	38.5533	-47.6275	
